warning: unused imports: `FontRef`, `Glyph`
 --> src/gfx.rs:6:22
  |
6 | use ab_glyph::{Font, FontRef, Glyph};
  |                      ^^^^^^^  ^^^^^
  |
  = note: `#[warn(unused_imports)]` on by default

warning: unused variable: `width`
  --> src/gfx.rs:25:9
   |
25 |         width: u32,
   |         ^^^^^ help: if this is intentional, prefix it with an underscore: `_width`
   |
   = note: `#[warn(unused_variables)]` on by default

warning: unused variable: `height`
  --> src/gfx.rs:26:9
   |
26 |         height: u32,
   |         ^^^^^^ help: if this is intentional, prefix it with an underscore: `_height`

warning: unused variable: `font_data`
   --> src/gfx.rs:198:13
    |
198 |         let font_data = include_bytes!("../fonts/wqy-microhei/WenQuanYiMicroHei.ttf");
    |             ^^^^^^^^^ help: if this is intentional, prefix it with an underscore: `_font_data`

warning: unused variable: `text`
   --> src/gfx.rs:360:30
    |
360 |     pub fn render(&mut self, text: Option<&str>) -> Result<()> {
    |                              ^^^^ help: if this is intentional, prefix it with an underscore: `_text`

warning: field is never read: `cached_chars`
  --> src/gfx.rs:11:5
   |
11 |     cached_chars: [char; 1],
   |     ^^^^^^^^^^^^^^^^^^^^^^^
   |
   = note: `#[warn(dead_code)]` on by default

warning: field is never read: `cached_bounding_boxes`
  --> src/gfx.rs:12:5
   |
12 |     cached_bounding_boxes: [cgmath::Matrix2<u32>; 1],
   |     ^^^^^^^^^^^^^^^^^^^^^^^^^^^^^^^^^^^^^^^^^^^^^^^^

warning: field is never read: `scale_factor`
   --> src/gfx.rs:147:5
    |
147 |     scale_factor: f64,
    |     ^^^^^^^^^^^^^^^^^

warning: field is never read: `glyph_cache_texture`
   --> src/gfx.rs:149:5
    |
149 |     glyph_cache_texture: GlyphCacheTexture,
    |     ^^^^^^^^^^^^^^^^^^^^^^^^^^^^^^^^^^^^^^

warning: field is never read: `glyph_cache_texture_bind_group`
   --> src/gfx.rs:150:5
    |
150 |     glyph_cache_texture_bind_group: wgpu::BindGroup,
    |     ^^^^^^^^^^^^^^^^^^^^^^^^^^^^^^^^^^^^^^^^^^^^^^^

warning: field is never read: `glyph_vertex_buffer`
   --> src/gfx.rs:151:5
    |
151 |     glyph_vertex_buffer: wgpu::Buffer,
    |     ^^^^^^^^^^^^^^^^^^^^^^^^^^^^^^^^^

warning: constant is never used: `OPENGL_TO_WGPU_MATRIX`
   --> src/gfx.rs:155:1
    |
155 | / pub const OPENGL_TO_WGPU_MATRIX: cgmath::Matrix4<f32> = cgmath::Matrix4::new(
156 | |     1.0, 0.0, 0.0, 0.0,
157 | |     0.0, 1.0, 0.0, 0.0,
158 | |     0.0, 0.0, 0.5, 0.0,
159 | |     0.0, 0.0, 0.5, 1.0,
160 | | );
    | |__^

warning: `game` (bin "game") generated 12 warnings
    Finished dev [unoptimized + debuginfo] target(s) in 0.19s
     Running `target/debug/game`
px_bounds: Rect { min: point(5.0, -60.0), max: point(50.0, 2.0) }
x: 0; y: 0; c: 0
x: 1; y: 0; c: 0
x: 2; y: 0; c: 0
x: 3; y: 0; c: 0
x: 4; y: 0; c: 0
x: 5; y: 0; c: 0
x: 6; y: 0; c: 0
x: 7; y: 0; c: 0
x: 8; y: 0; c: 0
x: 9; y: 0; c: 0
x: 10; y: 0; c: 0
x: 11; y: 0; c: 0
x: 12; y: 0; c: 0
x: 13; y: 0; c: 0
x: 14; y: 0; c: 0
x: 15; y: 0; c: 0
x: 16; y: 0; c: 0.0006891396
x: 17; y: 0; c: 0.12991467
x: 18; y: 0; c: 0.26896513
x: 19; y: 0; c: 0.3405763
x: 20; y: 0; c: 0.41218746
x: 21; y: 0; c: 0.48379862
x: 22; y: 0; c: 0.5554098
x: 23; y: 0; c: 0.581504
x: 24; y: 0; c: 0.5290068
x: 25; y: 0; c: 0.4751302
x: 26; y: 0; c: 0.42125362
x: 27; y: 0; c: 0.36737704
x: 28; y: 0; c: 0.2723605
x: 29; y: 0; c: 0.08683437
x: 30; y: 0; c: 0.000000007450581
x: 31; y: 0; c: 0.000000007450581
x: 32; y: 0; c: 0.000000007450581
x: 33; y: 0; c: 0.000000007450581
x: 34; y: 0; c: 0.000000007450581
x: 35; y: 0; c: 0.000000007450581
x: 36; y: 0; c: 0.000000007450581
x: 37; y: 0; c: 0.000000007450581
x: 38; y: 0; c: 0.000000007450581
x: 39; y: 0; c: 0.000000007450581
x: 40; y: 0; c: 0.000000007450581
x: 41; y: 0; c: 0.000000007450581
x: 42; y: 0; c: 0.000000007450581
x: 43; y: 0; c: 0.000000007450581
x: 44; y: 0; c: 0.000000007450581
x: 0; y: 1; c: 0.000000007450581
x: 1; y: 1; c: 0.000000007450581
x: 2; y: 1; c: 0.000000007450581
x: 3; y: 1; c: 0.000000007450581
x: 4; y: 1; c: 0.000000007450581
x: 5; y: 1; c: 0.000000007450581
x: 6; y: 1; c: 0.000000007450581
x: 7; y: 1; c: 0.000000007450581
x: 8; y: 1; c: 0.000000007450581
x: 9; y: 1; c: 0.000000007450581
x: 10; y: 1; c: 0.000000007450581
x: 11; y: 1; c: 0.000000007450581
x: 12; y: 1; c: 0.020519601
x: 13; y: 1; c: 0.22941475
x: 14; y: 1; c: 0.45461565
x: 15; y: 1; c: 0.67981654
x: 16; y: 1; c: 0.9043283
x: 17; y: 1; c: 1
x: 18; y: 1; c: 1
x: 19; y: 1; c: 1
x: 20; y: 1; c: 1
x: 21; y: 1; c: 1
x: 22; y: 1; c: 1
x: 23; y: 1; c: 1
x: 24; y: 1; c: 1
x: 25; y: 1; c: 1
x: 26; y: 1; c: 1
x: 27; y: 1; c: 1
x: 28; y: 1; c: 1
x: 29; y: 1; c: 0.9998391
x: 30; y: 1; c: 0.8977331
x: 31; y: 1; c: 0.7087927
x: 32; y: 1; c: 0.5002132
x: 33; y: 1; c: 0.14534858
x: 34; y: 1; c: 0.000000044703484
x: 35; y: 1; c: 0.000000044703484
x: 36; y: 1; c: 0.000000044703484
x: 37; y: 1; c: 0.000000044703484
x: 38; y: 1; c: 0.000000044703484
x: 39; y: 1; c: 0.000000044703484
x: 40; y: 1; c: 0.000000044703484
x: 41; y: 1; c: 0.000000044703484
x: 42; y: 1; c: 0.000000044703484
x: 43; y: 1; c: 0.000000044703484
x: 44; y: 1; c: 0.000000044703484
x: 0; y: 2; c: 0.000000044703484
x: 1; y: 2; c: 0.000000044703484
x: 2; y: 2; c: 0.000000044703484
x: 3; y: 2; c: 0.000000044703484
x: 4; y: 2; c: 0.000000044703484
x: 5; y: 2; c: 0.000000044703484
x: 6; y: 2; c: 0.000000044703484
x: 7; y: 2; c: 0.000000044703484
x: 8; y: 2; c: 0.000000044703484
x: 9; y: 2; c: 0.0033979565
x: 10; y: 2; c: 0.22795479
x: 11; y: 2; c: 0.5853039
x: 12; y: 2; c: 0.9220564
x: 13; y: 2; c: 0.99999994
x: 14; y: 2; c: 0.99999994
x: 15; y: 2; c: 0.99999994
x: 16; y: 2; c: 0.99999994
x: 17; y: 2; c: 0.99999994
x: 18; y: 2; c: 0.99999994
x: 19; y: 2; c: 0.99999994
x: 20; y: 2; c: 0.99999994
x: 21; y: 2; c: 0.99999994
x: 22; y: 2; c: 0.99999994
x: 23; y: 2; c: 0.99999994
x: 24; y: 2; c: 0.99999994
x: 25; y: 2; c: 0.99999994
x: 26; y: 2; c: 0.99999994
x: 27; y: 2; c: 0.99999994
x: 28; y: 2; c: 0.99999994
x: 29; y: 2; c: 0.99999994
x: 30; y: 2; c: 0.99999994
x: 31; y: 2; c: 0.99999994
x: 32; y: 2; c: 0.99999994
x: 33; y: 2; c: 0.99637884
x: 34; y: 2; c: 0.7520219
x: 35; y: 2; c: 0.36231667
x: 36; y: 2; c: 0.030716896
x: 37; y: 2; c: 0.00000013411045
x: 38; y: 2; c: 0.00000013411045
x: 39; y: 2; c: 0.00000013411045
x: 40; y: 2; c: 0.00000013411045
x: 41; y: 2; c: 0.00000013411045
x: 42; y: 2; c: 0.00000013411045
x: 43; y: 2; c: 0.00000013411045
x: 44; y: 2; c: 0.00000013411045
x: 0; y: 3; c: 0.00000013411045
x: 1; y: 3; c: 0.00000013411045
x: 2; y: 3; c: 0.00000013411045
x: 3; y: 3; c: 0.00000013411045
x: 4; y: 3; c: 0.00000013411045
x: 5; y: 3; c: 0.00000013411045
x: 6; y: 3; c: 0.00000013411045
x: 7; y: 3; c: 0.09213936
x: 8; y: 3; c: 0.50653744
x: 9; y: 3; c: 0.8672075
x: 10; y: 3; c: 0.9999998
x: 11; y: 3; c: 0.9999998
x: 12; y: 3; c: 0.9999998
x: 13; y: 3; c: 0.9999998
x: 14; y: 3; c: 0.9999998
x: 15; y: 3; c: 0.9999998
x: 16; y: 3; c: 0.9999998
x: 17; y: 3; c: 0.9999998
x: 18; y: 3; c: 0.9999998
x: 19; y: 3; c: 0.9999998
x: 20; y: 3; c: 0.9999998
x: 21; y: 3; c: 0.9999998
x: 22; y: 3; c: 0.9999998
x: 23; y: 3; c: 0.9999998
x: 24; y: 3; c: 0.9999998
x: 25; y: 3; c: 0.9999998
x: 26; y: 3; c: 0.9999998
x: 27; y: 3; c: 0.9999998
x: 28; y: 3; c: 0.9999998
x: 29; y: 3; c: 0.9999998
x: 30; y: 3; c: 0.9999998
x: 31; y: 3; c: 0.9999998
x: 32; y: 3; c: 0.9999998
x: 33; y: 3; c: 0.9999998
x: 34; y: 3; c: 0.9999998
x: 35; y: 3; c: 0.9999998
x: 36; y: 3; c: 0.83829564
x: 37; y: 3; c: 0.1962747
x: 38; y: 3; c: 0.00000017881393
x: 39; y: 3; c: 0.00000017881393
x: 40; y: 3; c: 0.00000017881393
x: 41; y: 3; c: 0.00000017881393
x: 42; y: 3; c: 0.00000017881393
x: 43; y: 3; c: 0.00000017881393
x: 44; y: 3; c: 0.00000017881393
x: 0; y: 4; c: 0.00000017881393
x: 1; y: 4; c: 0.00000017881393
x: 2; y: 4; c: 0.00000017881393
x: 3; y: 4; c: 0.00000017881393
x: 4; y: 4; c: 0.00000017881393
x: 5; y: 4; c: 0.12916571
x: 6; y: 4; c: 0.58592165
x: 7; y: 4; c: 0.9666252
x: 8; y: 4; c: 0.99999976
x: 9; y: 4; c: 0.99999976
x: 10; y: 4; c: 0.99999976
x: 11; y: 4; c: 0.99999976
x: 12; y: 4; c: 0.99999976
x: 13; y: 4; c: 0.99999976
x: 14; y: 4; c: 0.99999976
x: 15; y: 4; c: 0.99999976
x: 16; y: 4; c: 0.99999976
x: 17; y: 4; c: 0.99999976
x: 18; y: 4; c: 0.99999976
x: 19; y: 4; c: 0.99999976
x: 20; y: 4; c: 0.99999976
x: 21; y: 4; c: 0.99999976
x: 22; y: 4; c: 0.99999976
x: 23; y: 4; c: 0.99999976
x: 24; y: 4; c: 0.99999976
x: 25; y: 4; c: 0.99999976
x: 26; y: 4; c: 0.99999976
x: 27; y: 4; c: 0.99999976
x: 28; y: 4; c: 0.99999976
x: 29; y: 4; c: 0.99999976
x: 30; y: 4; c: 0.99999976
x: 31; y: 4; c: 0.99999976
x: 32; y: 4; c: 0.99999976
x: 33; y: 4; c: 0.99999976
x: 34; y: 4; c: 0.99999976
x: 35; y: 4; c: 0.99999976
x: 36; y: 4; c: 0.99999976
x: 37; y: 4; c: 0.977924
x: 38; y: 4; c: 0.47419822
x: 39; y: 4; c: 0.010452092
x: 40; y: 4; c: 0.0000002719462
x: 41; y: 4; c: 0.0000002719462
x: 42; y: 4; c: 0.0000002719462
x: 43; y: 4; c: 0.0000002719462
x: 44; y: 4; c: 0.0000002719462
x: 0; y: 5; c: 0.0000002719462
x: 1; y: 5; c: 0.0000002719462
x: 2; y: 5; c: 0.0000002719462
x: 3; y: 5; c: 0.0000002719462
x: 4; y: 5; c: 0.5102809
x: 5; y: 5; c: 0.9839125
x: 6; y: 5; c: 0.99999976
x: 7; y: 5; c: 0.99999976
x: 8; y: 5; c: 0.99999976
x: 9; y: 5; c: 0.99999976
x: 10; y: 5; c: 0.99999976
x: 11; y: 5; c: 0.99999976
x: 12; y: 5; c: 0.99999976
x: 13; y: 5; c: 0.99999976
x: 14; y: 5; c: 0.99999976
x: 15; y: 5; c: 0.99999976
x: 16; y: 5; c: 0.99999976
x: 17; y: 5; c: 0.99999976
x: 18; y: 5; c: 0.99999976
x: 19; y: 5; c: 0.99999976
x: 20; y: 5; c: 0.99999976
x: 21; y: 5; c: 0.99999976
x: 22; y: 5; c: 0.99999976
x: 23; y: 5; c: 0.99999976
x: 24; y: 5; c: 0.99999976
x: 25; y: 5; c: 0.99999976
x: 26; y: 5; c: 0.99999976
x: 27; y: 5; c: 0.99999976
x: 28; y: 5; c: 0.99999976
x: 29; y: 5; c: 0.99999976
x: 30; y: 5; c: 0.99999976
x: 31; y: 5; c: 0.99999976
x: 32; y: 5; c: 0.99999976
x: 33; y: 5; c: 0.99999976
x: 34; y: 5; c: 0.99999976
x: 35; y: 5; c: 0.99999976
x: 36; y: 5; c: 0.99999976
x: 37; y: 5; c: 0.99999976
x: 38; y: 5; c: 0.99999976
x: 39; y: 5; c: 0.57007575
x: 40; y: 5; c: 0.00000023841858
x: 41; y: 5; c: 0.00000023841858
x: 42; y: 5; c: 0.00000023841858
x: 43; y: 5; c: 0.00000023841858
x: 44; y: 5; c: 0.00000023841858
x: 0; y: 6; c: 0.00000023841858
x: 1; y: 6; c: 0.00000023841858
x: 2; y: 6; c: 0.00000023841858
x: 3; y: 6; c: 0.00000023841858
x: 4; y: 6; c: 0.37082362
x: 5; y: 6; c: 0.99999976
x: 6; y: 6; c: 0.99999976
x: 7; y: 6; c: 0.99999976
x: 8; y: 6; c: 0.99999976
x: 9; y: 6; c: 0.99999976
x: 10; y: 6; c: 0.99999976
x: 11; y: 6; c: 0.99999976
x: 12; y: 6; c: 0.99999976
x: 13; y: 6; c: 0.99999976
x: 14; y: 6; c: 0.99999976
x: 15; y: 6; c: 0.99999976
x: 16; y: 6; c: 0.99999976
x: 17; y: 6; c: 0.99999976
x: 18; y: 6; c: 0.99999976
x: 19; y: 6; c: 0.99999976
x: 20; y: 6; c: 0.99999976
x: 21; y: 6; c: 0.99999976
x: 22; y: 6; c: 0.99999976
x: 23; y: 6; c: 0.99999976
x: 24; y: 6; c: 0.99999976
x: 25; y: 6; c: 0.99999976
x: 26; y: 6; c: 0.99999976
x: 27; y: 6; c: 0.99999976
x: 28; y: 6; c: 0.99999976
x: 29; y: 6; c: 0.99999976
x: 30; y: 6; c: 0.99999976
x: 31; y: 6; c: 0.99999976
x: 32; y: 6; c: 0.99999976
x: 33; y: 6; c: 0.99999976
x: 34; y: 6; c: 0.99999976
x: 35; y: 6; c: 0.99999976
x: 36; y: 6; c: 0.99999976
x: 37; y: 6; c: 0.99999976
x: 38; y: 6; c: 0.99999976
x: 39; y: 6; c: 0.99992204
x: 40; y: 6; c: 0.4071896
x: 41; y: 6; c: 0.00000023841858
x: 42; y: 6; c: 0.00000023841858
x: 43; y: 6; c: 0.00000023841858
x: 44; y: 6; c: 0.00000023841858
x: 0; y: 7; c: 0.00000023841858
x: 1; y: 7; c: 0.00000023841858
x: 2; y: 7; c: 0.00000023841858
x: 3; y: 7; c: 0.00000023841858
x: 4; y: 7; c: 0.020160973
x: 5; y: 7; c: 0.88350886
x: 6; y: 7; c: 0.99999976
x: 7; y: 7; c: 0.99999976
x: 8; y: 7; c: 0.99999976
x: 9; y: 7; c: 0.99999976
x: 10; y: 7; c: 0.99999976
x: 11; y: 7; c: 0.99999976
x: 12; y: 7; c: 0.99999976
x: 13; y: 7; c: 0.99999976
x: 14; y: 7; c: 0.99999976
x: 15; y: 7; c: 0.99999976
x: 16; y: 7; c: 0.99999976
x: 17; y: 7; c: 0.99999976
x: 18; y: 7; c: 0.99999976
x: 19; y: 7; c: 0.99999976
x: 20; y: 7; c: 0.99999976
x: 21; y: 7; c: 0.99999976
x: 22; y: 7; c: 0.99999976
x: 23; y: 7; c: 0.99999976
x: 24; y: 7; c: 0.99999976
x: 25; y: 7; c: 0.99999976
x: 26; y: 7; c: 0.99999976
x: 27; y: 7; c: 0.99999976
x: 28; y: 7; c: 0.99999976
x: 29; y: 7; c: 0.99999976
x: 30; y: 7; c: 0.99999976
x: 31; y: 7; c: 0.99999976
x: 32; y: 7; c: 0.99999976
x: 33; y: 7; c: 0.99999976
x: 34; y: 7; c: 0.99999976
x: 35; y: 7; c: 0.99999976
x: 36; y: 7; c: 0.99999976
x: 37; y: 7; c: 0.99999976
x: 38; y: 7; c: 0.99999976
x: 39; y: 7; c: 0.99999976
x: 40; y: 7; c: 0.9818375
x: 41; y: 7; c: 0.24102724
x: 42; y: 7; c: 0.00000023841858
x: 43; y: 7; c: 0.00000023841858
x: 44; y: 7; c: 0.00000023841858
x: 0; y: 8; c: 0.00000023841858
x: 1; y: 8; c: 0.00000023841858
x: 2; y: 8; c: 0.00000023841858
x: 3; y: 8; c: 0.00000023841858
x: 4; y: 8; c: 0.00000023841858
x: 5; y: 8; c: 0.43651652
x: 6; y: 8; c: 0.99999976
x: 7; y: 8; c: 0.99999976
x: 8; y: 8; c: 0.99999976
x: 9; y: 8; c: 0.99999976
x: 10; y: 8; c: 0.99999976
x: 11; y: 8; c: 0.99999976
x: 12; y: 8; c: 0.99999976
x: 13; y: 8; c: 0.99999976
x: 14; y: 8; c: 0.99999976
x: 15; y: 8; c: 0.99999976
x: 16; y: 8; c: 0.99999976
x: 17; y: 8; c: 0.9991892
x: 18; y: 8; c: 0.86045444
x: 19; y: 8; c: 0.72133946
x: 20; y: 8; c: 0.6464566
x: 21; y: 8; c: 0.57157373
x: 22; y: 8; c: 0.4966909
x: 23; y: 8; c: 0.47112042
x: 24; y: 8; c: 0.5306946
x: 25; y: 8; c: 0.5957316
x: 26; y: 8; c: 0.760134
x: 27; y: 8; c: 0.95535105
x: 28; y: 8; c: 0.9999997
x: 29; y: 8; c: 0.9999997
x: 30; y: 8; c: 0.9999997
x: 31; y: 8; c: 0.9999997
x: 32; y: 8; c: 0.9999997
x: 33; y: 8; c: 0.9999997
x: 34; y: 8; c: 0.9999997
x: 35; y: 8; c: 0.9999997
x: 36; y: 8; c: 0.9999997
x: 37; y: 8; c: 0.9999997
x: 38; y: 8; c: 0.9999997
x: 39; y: 8; c: 0.9999997
x: 40; y: 8; c: 0.9999997
x: 41; y: 8; c: 0.77844876
x: 42; y: 8; c: 0.0003516078
x: 43; y: 8; c: 0.0000003191817
x: 44; y: 8; c: 0.0000003191817
x: 0; y: 9; c: 0.0000003191817
x: 1; y: 9; c: 0.0000003191817
x: 2; y: 9; c: 0.0000003191817
x: 3; y: 9; c: 0.0000003191817
x: 4; y: 9; c: 0.0000003191817
x: 5; y: 9; c: 0.04408009
x: 6; y: 9; c: 0.9252824
x: 7; y: 9; c: 0.99999964
x: 8; y: 9; c: 0.99999964
x: 9; y: 9; c: 0.99999964
x: 10; y: 9; c: 0.99999964
x: 11; y: 9; c: 0.99999964
x: 12; y: 9; c: 0.99999964
x: 13; y: 9; c: 0.99999964
x: 14; y: 9; c: 0.87683606
x: 15; y: 9; c: 0.5852336
x: 16; y: 9; c: 0.34321713
x: 17; y: 9; c: 0.102011144
x: 18; y: 9; c: 0.00000040978193
x: 19; y: 9; c: 0.00000040978193
x: 20; y: 9; c: 0.00000040978193
x: 21; y: 9; c: 0.00000040978193
x: 22; y: 9; c: 0.00000040978193
x: 23; y: 9; c: 0.00000040978193
x: 24; y: 9; c: 0.00000040978193
x: 25; y: 9; c: 0.00000040978193
x: 26; y: 9; c: 0.00000040978193
x: 27; y: 9; c: 0.012274966
x: 28; y: 9; c: 0.2677549
x: 29; y: 9; c: 0.69323695
x: 30; y: 9; c: 0.9919667
x: 31; y: 9; c: 0.9999995
x: 32; y: 9; c: 0.9999995
x: 33; y: 9; c: 0.9999995
x: 34; y: 9; c: 0.9999995
x: 35; y: 9; c: 0.9999995
x: 36; y: 9; c: 0.9999995
x: 37; y: 9; c: 0.9999995
x: 38; y: 9; c: 0.9999995
x: 39; y: 9; c: 0.9999995
x: 40; y: 9; c: 0.9999995
x: 41; y: 9; c: 0.9999995
x: 42; y: 9; c: 0.25792646
x: 43; y: 9; c: 0.00000047683716
x: 44; y: 9; c: 0.00000047683716
x: 0; y: 10; c: 0.00000047683716
x: 1; y: 10; c: 0.00000047683716
x: 2; y: 10; c: 0.00000047683716
x: 3; y: 10; c: 0.00000047683716
x: 4; y: 10; c: 0.00000047683716
x: 5; y: 10; c: 0.00000047683716
x: 6; y: 10; c: 0.5022092
x: 7; y: 10; c: 0.9999995
x: 8; y: 10; c: 0.9999995
x: 9; y: 10; c: 0.9999995
x: 10; y: 10; c: 0.9999995
x: 11; y: 10; c: 0.96082705
x: 12; y: 10; c: 0.6389862
x: 13; y: 10; c: 0.2610892
x: 14; y: 10; c: 0.006885469
x: 15; y: 10; c: 0.00000047124922
x: 16; y: 10; c: 0.00000047124922
x: 17; y: 10; c: 0.00000047124922
x: 18; y: 10; c: 0.00000047124922
x: 19; y: 10; c: 0.00000047124922
x: 20; y: 10; c: 0.00000047124922
x: 21; y: 10; c: 0.00000047124922
x: 22; y: 10; c: 0.00000047124922
x: 23; y: 10; c: 0.00000047124922
x: 24; y: 10; c: 0.00000047124922
x: 25; y: 10; c: 0.00000047124922
x: 26; y: 10; c: 0.00000047124922
x: 27; y: 10; c: 0.00000047124922
x: 28; y: 10; c: 0.00000047124922
x: 29; y: 10; c: 0.00000047124922
x: 30; y: 10; c: 0.2768636
x: 31; y: 10; c: 0.92129755
x: 32; y: 10; c: 0.9999995
x: 33; y: 10; c: 0.9999995
x: 34; y: 10; c: 0.9999995
x: 35; y: 10; c: 0.9999995
x: 36; y: 10; c: 0.9999995
x: 37; y: 10; c: 0.9999995
x: 38; y: 10; c: 0.9999995
x: 39; y: 10; c: 0.9999995
x: 40; y: 10; c: 0.9999995
x: 41; y: 10; c: 0.9999995
x: 42; y: 10; c: 0.73705244
x: 43; y: 10; c: 0.00000047683716
x: 44; y: 10; c: 0.00000047683716
x: 0; y: 11; c: 0.00000047683716
x: 1; y: 11; c: 0.00000047683716
x: 2; y: 11; c: 0.00000047683716
x: 3; y: 11; c: 0.00000047683716
x: 4; y: 11; c: 0.00000047683716
x: 5; y: 11; c: 0.00000047683716
x: 6; y: 11; c: 0.077237114
x: 7; y: 11; c: 0.95781803
x: 8; y: 11; c: 0.9999995
x: 9; y: 11; c: 0.8964915
x: 10; y: 11; c: 0.455128
x: 11; y: 11; c: 0.057401
x: 12; y: 11; c: 0.00000047683716
x: 13; y: 11; c: 0.00000047683716
x: 14; y: 11; c: 0.00000047683716
x: 15; y: 11; c: 0.00000047683716
x: 16; y: 11; c: 0.00000047683716
x: 17; y: 11; c: 0.00000047683716
x: 18; y: 11; c: 0.00000047683716
x: 19; y: 11; c: 0.00000047683716
x: 20; y: 11; c: 0.00000047683716
x: 21; y: 11; c: 0.00000047683716
x: 22; y: 11; c: 0.00000047683716
x: 23; y: 11; c: 0.00000047683716
x: 24; y: 11; c: 0.00000047683716
x: 25; y: 11; c: 0.00000047683716
x: 26; y: 11; c: 0.00000047683716
x: 27; y: 11; c: 0.00000047683716
x: 28; y: 11; c: 0.00000047683716
x: 29; y: 11; c: 0.00000047683716
x: 30; y: 11; c: 0.00000047683716
x: 31; y: 11; c: 0.13890553
x: 32; y: 11; c: 0.9334751
x: 33; y: 11; c: 0.99999946
x: 34; y: 11; c: 0.99999946
x: 35; y: 11; c: 0.99999946
x: 36; y: 11; c: 0.99999946
x: 37; y: 11; c: 0.99999946
x: 38; y: 11; c: 0.99999946
x: 39; y: 11; c: 0.99999946
x: 40; y: 11; c: 0.99999946
x: 41; y: 11; c: 0.99999946
x: 42; y: 11; c: 0.9989993
x: 43; y: 11; c: 0.09736204
x: 44; y: 11; c: 0.00000055879354
x: 0; y: 12; c: 0.00000055879354
x: 1; y: 12; c: 0.00000055879354
x: 2; y: 12; c: 0.00000055879354
x: 3; y: 12; c: 0.00000055879354
x: 4; y: 12; c: 0.00000055879354
x: 5; y: 12; c: 0.00000055879354
x: 6; y: 12; c: 0.00000055879354
x: 7; y: 12; c: 0.45905477
x: 8; y: 12; c: 0.3901922
x: 9; y: 12; c: 0.026167989
x: 10; y: 12; c: 0.00000058859587
x: 11; y: 12; c: 0.00000058859587
x: 12; y: 12; c: 0.00000058859587
x: 13; y: 12; c: 0.00000058859587
x: 14; y: 12; c: 0.00000058859587
x: 15; y: 12; c: 0.00000058859587
x: 16; y: 12; c: 0.00000058859587
x: 17; y: 12; c: 0.00000058859587
x: 18; y: 12; c: 0.00000058859587
x: 19; y: 12; c: 0.00000058859587
x: 20; y: 12; c: 0.00000058859587
x: 21; y: 12; c: 0.00000058859587
x: 22; y: 12; c: 0.00000058859587
x: 23; y: 12; c: 0.00000058859587
x: 24; y: 12; c: 0.00000058859587
x: 25; y: 12; c: 0.00000058859587
x: 26; y: 12; c: 0.00000058859587
x: 27; y: 12; c: 0.00000058859587
x: 28; y: 12; c: 0.00000058859587
x: 29; y: 12; c: 0.00000058859587
x: 30; y: 12; c: 0.00000058859587
x: 31; y: 12; c: 0.00000058859587
x: 32; y: 12; c: 0.30555153
x: 33; y: 12; c: 0.9977567
x: 34; y: 12; c: 0.9999994
x: 35; y: 12; c: 0.9999994
x: 36; y: 12; c: 0.9999994
x: 37; y: 12; c: 0.9999994
x: 38; y: 12; c: 0.9999994
x: 39; y: 12; c: 0.9999994
x: 40; y: 12; c: 0.9999994
x: 41; y: 12; c: 0.9999994
x: 42; y: 12; c: 0.9999994
x: 43; y: 12; c: 0.332435
x: 44; y: 12; c: 0.00000059604645
x: 0; y: 13; c: 0.00000059604645
x: 1; y: 13; c: 0.00000059604645
x: 2; y: 13; c: 0.00000059604645
x: 3; y: 13; c: 0.00000059604645
x: 4; y: 13; c: 0.00000059604645
x: 5; y: 13; c: 0.00000059604645
x: 6; y: 13; c: 0.00000059604645
x: 7; y: 13; c: 0.00000059604645
x: 8; y: 13; c: 0.00000059604645
x: 9; y: 13; c: 0.00000059604645
x: 10; y: 13; c: 0.00000059604645
x: 11; y: 13; c: 0.00000059604645
x: 12; y: 13; c: 0.00000059604645
x: 13; y: 13; c: 0.00000059604645
x: 14; y: 13; c: 0.00000059604645
x: 15; y: 13; c: 0.00000059604645
x: 16; y: 13; c: 0.00000059604645
x: 17; y: 13; c: 0.00000059604645
x: 18; y: 13; c: 0.00000059604645
x: 19; y: 13; c: 0.00000059604645
x: 20; y: 13; c: 0.00000059604645
x: 21; y: 13; c: 0.00000059604645
x: 22; y: 13; c: 0.00000059604645
x: 23; y: 13; c: 0.00000059604645
x: 24; y: 13; c: 0.00000059604645
x: 25; y: 13; c: 0.00000059604645
x: 26; y: 13; c: 0.00000059604645
x: 27; y: 13; c: 0.00000059604645
x: 28; y: 13; c: 0.00000059604645
x: 29; y: 13; c: 0.00000059604645
x: 30; y: 13; c: 0.00000059604645
x: 31; y: 13; c: 0.00000059604645
x: 32; y: 13; c: 0.00000059604645
x: 33; y: 13; c: 0.73726594
x: 34; y: 13; c: 0.9999994
x: 35; y: 13; c: 0.9999994
x: 36; y: 13; c: 0.9999994
x: 37; y: 13; c: 0.9999994
x: 38; y: 13; c: 0.9999994
x: 39; y: 13; c: 0.9999994
x: 40; y: 13; c: 0.9999994
x: 41; y: 13; c: 0.9999994
x: 42; y: 13; c: 0.9999994
x: 43; y: 13; c: 0.5684961
x: 44; y: 13; c: 0.00000059604645
x: 0; y: 14; c: 0.00000059604645
x: 1; y: 14; c: 0.00000059604645
x: 2; y: 14; c: 0.00000059604645
x: 3; y: 14; c: 0.00000059604645
x: 4; y: 14; c: 0.00000059604645
x: 5; y: 14; c: 0.00000059604645
x: 6; y: 14; c: 0.00000059604645
x: 7; y: 14; c: 0.00000059604645
x: 8; y: 14; c: 0.00000059604645
x: 9; y: 14; c: 0.00000059604645
x: 10; y: 14; c: 0.00000059604645
x: 11; y: 14; c: 0.00000059604645
x: 12; y: 14; c: 0.00000059604645
x: 13; y: 14; c: 0.00000059604645
x: 14; y: 14; c: 0.00000059604645
x: 15; y: 14; c: 0.00000059604645
x: 16; y: 14; c: 0.00000059604645
x: 17; y: 14; c: 0.00000059604645
x: 18; y: 14; c: 0.00000059604645
x: 19; y: 14; c: 0.00000059604645
x: 20; y: 14; c: 0.00000059604645
x: 21; y: 14; c: 0.00000059604645
x: 22; y: 14; c: 0.00000059604645
x: 23; y: 14; c: 0.00000059604645
x: 24; y: 14; c: 0.00000059604645
x: 25; y: 14; c: 0.00000059604645
x: 26; y: 14; c: 0.00000059604645
x: 27; y: 14; c: 0.00000059604645
x: 28; y: 14; c: 0.00000059604645
x: 29; y: 14; c: 0.00000059604645
x: 30; y: 14; c: 0.00000059604645
x: 31; y: 14; c: 0.00000059604645
x: 32; y: 14; c: 0.00000059604645
x: 33; y: 14; c: 0.30034578
x: 34; y: 14; c: 0.9999994
x: 35; y: 14; c: 0.9999994
x: 36; y: 14; c: 0.9999994
x: 37; y: 14; c: 0.9999994
x: 38; y: 14; c: 0.9999994
x: 39; y: 14; c: 0.9999994
x: 40; y: 14; c: 0.9999994
x: 41; y: 14; c: 0.9999994
x: 42; y: 14; c: 0.9999994
x: 43; y: 14; c: 0.80456483
x: 44; y: 14; c: 0.00000059604645
x: 0; y: 15; c: 0.00000059604645
x: 1; y: 15; c: 0.00000059604645
x: 2; y: 15; c: 0.00000059604645
x: 3; y: 15; c: 0.00000059604645
x: 4; y: 15; c: 0.00000059604645
x: 5; y: 15; c: 0.00000059604645
x: 6; y: 15; c: 0.00000059604645
x: 7; y: 15; c: 0.00000059604645
x: 8; y: 15; c: 0.00000059604645
x: 9; y: 15; c: 0.00000059604645
x: 10; y: 15; c: 0.00000059604645
x: 11; y: 15; c: 0.00000059604645
x: 12; y: 15; c: 0.00000059604645
x: 13; y: 15; c: 0.00000059604645
x: 14; y: 15; c: 0.00000059604645
x: 15; y: 15; c: 0.00000059604645
x: 16; y: 15; c: 0.00000059604645
x: 17; y: 15; c: 0.00000059604645
x: 18; y: 15; c: 0.00000059604645
x: 19; y: 15; c: 0.00000059604645
x: 20; y: 15; c: 0.00000059604645
x: 21; y: 15; c: 0.00000059604645
x: 22; y: 15; c: 0.00000059604645
x: 23; y: 15; c: 0.00000059604645
x: 24; y: 15; c: 0.00000059604645
x: 25; y: 15; c: 0.00000059604645
x: 26; y: 15; c: 0.00000059604645
x: 27; y: 15; c: 0.00000059604645
x: 28; y: 15; c: 0.00000059604645
x: 29; y: 15; c: 0.00000059604645
x: 30; y: 15; c: 0.00000059604645
x: 31; y: 15; c: 0.00000059604645
x: 32; y: 15; c: 0.00000059604645
x: 33; y: 15; c: 0.011394307
x: 34; y: 15; c: 0.95018363
x: 35; y: 15; c: 0.99999946
x: 36; y: 15; c: 0.99999946
x: 37; y: 15; c: 0.99999946
x: 38; y: 15; c: 0.99999946
x: 39; y: 15; c: 0.99999946
x: 40; y: 15; c: 0.99999946
x: 41; y: 15; c: 0.99999946
x: 42; y: 15; c: 0.99999946
x: 43; y: 15; c: 0.9674544
x: 44; y: 15; c: 0.000006377697
x: 0; y: 16; c: 0.00000061085666
x: 1; y: 16; c: 0.00000061085666
x: 2; y: 16; c: 0.00000061085666
x: 3; y: 16; c: 0.00000061085666
x: 4; y: 16; c: 0.00000061085666
x: 5; y: 16; c: 0.00000061085666
x: 6; y: 16; c: 0.00000061085666
x: 7; y: 16; c: 0.00000061085666
x: 8; y: 16; c: 0.00000061085666
x: 9; y: 16; c: 0.00000061085666
x: 10; y: 16; c: 0.00000061085666
x: 11; y: 16; c: 0.00000061085666
x: 12; y: 16; c: 0.00000061085666
x: 13; y: 16; c: 0.00000061085666
x: 14; y: 16; c: 0.00000061085666
x: 15; y: 16; c: 0.00000061085666
x: 16; y: 16; c: 0.00000061085666
x: 17; y: 16; c: 0.00000061085666
x: 18; y: 16; c: 0.00000061085666
x: 19; y: 16; c: 0.00000061085666
x: 20; y: 16; c: 0.00000061085666
x: 21; y: 16; c: 0.00000061085666
x: 22; y: 16; c: 0.00000061085666
x: 23; y: 16; c: 0.00000061085666
x: 24; y: 16; c: 0.00000061085666
x: 25; y: 16; c: 0.00000061085666
x: 26; y: 16; c: 0.00000061085666
x: 27; y: 16; c: 0.00000061085666
x: 28; y: 16; c: 0.00000061085666
x: 29; y: 16; c: 0.00000061085666
x: 30; y: 16; c: 0.00000061085666
x: 31; y: 16; c: 0.00000061085666
x: 32; y: 16; c: 0.00000061085666
x: 33; y: 16; c: 0.00000061085666
x: 34; y: 16; c: 0.745849
x: 35; y: 16; c: 0.9999994
x: 36; y: 16; c: 0.9999994
x: 37; y: 16; c: 0.9999994
x: 38; y: 16; c: 0.9999994
x: 39; y: 16; c: 0.9999994
x: 40; y: 16; c: 0.9999994
x: 41; y: 16; c: 0.9999994
x: 42; y: 16; c: 0.9999994
x: 43; y: 16; c: 0.9999994
x: 44; y: 16; c: 0.034018874
x: 0; y: 17; c: 0.00000059604645
x: 1; y: 17; c: 0.00000059604645
x: 2; y: 17; c: 0.00000059604645
x: 3; y: 17; c: 0.00000059604645
x: 4; y: 17; c: 0.00000059604645
x: 5; y: 17; c: 0.00000059604645
x: 6; y: 17; c: 0.00000059604645
x: 7; y: 17; c: 0.00000059604645
x: 8; y: 17; c: 0.00000059604645
x: 9; y: 17; c: 0.00000059604645
x: 10; y: 17; c: 0.00000059604645
x: 11; y: 17; c: 0.00000059604645
x: 12; y: 17; c: 0.00000059604645
x: 13; y: 17; c: 0.00000059604645
x: 14; y: 17; c: 0.00000059604645
x: 15; y: 17; c: 0.00000059604645
x: 16; y: 17; c: 0.00000059604645
x: 17; y: 17; c: 0.00000059604645
x: 18; y: 17; c: 0.00000059604645
x: 19; y: 17; c: 0.00000059604645
x: 20; y: 17; c: 0.00000059604645
x: 21; y: 17; c: 0.00000059604645
x: 22; y: 17; c: 0.00000059604645
x: 23; y: 17; c: 0.00000059604645
x: 24; y: 17; c: 0.00000059604645
x: 25; y: 17; c: 0.00000059604645
x: 26; y: 17; c: 0.00000059604645
x: 27; y: 17; c: 0.00000059604645
x: 28; y: 17; c: 0.00000059604645
x: 29; y: 17; c: 0.00000059604645
x: 30; y: 17; c: 0.00000059604645
x: 31; y: 17; c: 0.00000059604645
x: 32; y: 17; c: 0.00000059604645
x: 33; y: 17; c: 0.00000059604645
x: 34; y: 17; c: 0.53535366
x: 35; y: 17; c: 0.9999994
x: 36; y: 17; c: 0.9999994
x: 37; y: 17; c: 0.9999994
x: 38; y: 17; c: 0.9999994
x: 39; y: 17; c: 0.9999994
x: 40; y: 17; c: 0.9999994
x: 41; y: 17; c: 0.9999994
x: 42; y: 17; c: 0.9999994
x: 43; y: 17; c: 0.9999994
x: 44; y: 17; c: 0.10013521
x: 0; y: 18; c: 0.00000059604645
x: 1; y: 18; c: 0.00000059604645
x: 2; y: 18; c: 0.00000059604645
x: 3; y: 18; c: 0.00000059604645
x: 4; y: 18; c: 0.00000059604645
x: 5; y: 18; c: 0.00000059604645
x: 6; y: 18; c: 0.00000059604645
x: 7; y: 18; c: 0.00000059604645
x: 8; y: 18; c: 0.00000059604645
x: 9; y: 18; c: 0.00000059604645
x: 10; y: 18; c: 0.00000059604645
x: 11; y: 18; c: 0.00000059604645
x: 12; y: 18; c: 0.00000059604645
x: 13; y: 18; c: 0.00000059604645
x: 14; y: 18; c: 0.00000059604645
x: 15; y: 18; c: 0.00000059604645
x: 16; y: 18; c: 0.00000059604645
x: 17; y: 18; c: 0.00000059604645
x: 18; y: 18; c: 0.00000059604645
x: 19; y: 18; c: 0.00000059604645
x: 20; y: 18; c: 0.00000059604645
x: 21; y: 18; c: 0.00000059604645
x: 22; y: 18; c: 0.00000059604645
x: 23; y: 18; c: 0.00000059604645
x: 24; y: 18; c: 0.00000059604645
x: 25; y: 18; c: 0.00000059604645
x: 26; y: 18; c: 0.00000059604645
x: 27; y: 18; c: 0.00000059604645
x: 28; y: 18; c: 0.00000059604645
x: 29; y: 18; c: 0.00000059604645
x: 30; y: 18; c: 0.00000059604645
x: 31; y: 18; c: 0.00000059604645
x: 32; y: 18; c: 0.00000059604645
x: 33; y: 18; c: 0.00000059604645
x: 34; y: 18; c: 0.43231523
x: 35; y: 18; c: 0.9999994
x: 36; y: 18; c: 0.9999994
x: 37; y: 18; c: 0.9999994
x: 38; y: 18; c: 0.9999994
x: 39; y: 18; c: 0.9999994
x: 40; y: 18; c: 0.9999994
x: 41; y: 18; c: 0.9999994
x: 42; y: 18; c: 0.9999994
x: 43; y: 18; c: 0.9999994
x: 44; y: 18; c: 0.16625154
x: 0; y: 19; c: 0.00000059604645
x: 1; y: 19; c: 0.00000059604645
x: 2; y: 19; c: 0.00000059604645
x: 3; y: 19; c: 0.00000059604645
x: 4; y: 19; c: 0.00000059604645
x: 5; y: 19; c: 0.00000059604645
x: 6; y: 19; c: 0.00000059604645
x: 7; y: 19; c: 0.00000059604645
x: 8; y: 19; c: 0.00000059604645
x: 9; y: 19; c: 0.00000059604645
x: 10; y: 19; c: 0.00000059604645
x: 11; y: 19; c: 0.00000059604645
x: 12; y: 19; c: 0.00000059604645
x: 13; y: 19; c: 0.00000059604645
x: 14; y: 19; c: 0.00000059604645
x: 15; y: 19; c: 0.00000059604645
x: 16; y: 19; c: 0.00000059604645
x: 17; y: 19; c: 0.00000059604645
x: 18; y: 19; c: 0.00000059604645
x: 19; y: 19; c: 0.00000059604645
x: 20; y: 19; c: 0.00000059604645
x: 21; y: 19; c: 0.00000059604645
x: 22; y: 19; c: 0.00000059604645
x: 23; y: 19; c: 0.00000059604645
x: 24; y: 19; c: 0.00000059604645
x: 25; y: 19; c: 0.00000059604645
x: 26; y: 19; c: 0.00000059604645
x: 27; y: 19; c: 0.00000059604645
x: 28; y: 19; c: 0.00000059604645
x: 29; y: 19; c: 0.00000059604645
x: 30; y: 19; c: 0.00000059604645
x: 31; y: 19; c: 0.00000059604645
x: 32; y: 19; c: 0.00000059604645
x: 33; y: 19; c: 0.00000059604645
x: 34; y: 19; c: 0.37337053
x: 35; y: 19; c: 0.9999994
x: 36; y: 19; c: 0.9999994
x: 37; y: 19; c: 0.9999994
x: 38; y: 19; c: 0.9999994
x: 39; y: 19; c: 0.9999994
x: 40; y: 19; c: 0.9999994
x: 41; y: 19; c: 0.9999994
x: 42; y: 19; c: 0.9999994
x: 43; y: 19; c: 0.9999994
x: 44; y: 19; c: 0.2320987
x: 0; y: 20; c: 0.0000006109476
x: 1; y: 20; c: 0.0000006109476
x: 2; y: 20; c: 0.0000006109476
x: 3; y: 20; c: 0.0000006109476
x: 4; y: 20; c: 0.0000006109476
x: 5; y: 20; c: 0.0000006109476
x: 6; y: 20; c: 0.0000006109476
x: 7; y: 20; c: 0.0000006109476
x: 8; y: 20; c: 0.0000006109476
x: 9; y: 20; c: 0.0000006109476
x: 10; y: 20; c: 0.0000006109476
x: 11; y: 20; c: 0.0000006109476
x: 12; y: 20; c: 0.0000006109476
x: 13; y: 20; c: 0.0000006109476
x: 14; y: 20; c: 0.0000006109476
x: 15; y: 20; c: 0.0000006109476
x: 16; y: 20; c: 0.0000006109476
x: 17; y: 20; c: 0.0000006109476
x: 18; y: 20; c: 0.0000006109476
x: 19; y: 20; c: 0.0000006109476
x: 20; y: 20; c: 0.0000006109476
x: 21; y: 20; c: 0.0000006109476
x: 22; y: 20; c: 0.0000006109476
x: 23; y: 20; c: 0.0000006109476
x: 24; y: 20; c: 0.0000006109476
x: 25; y: 20; c: 0.0000006109476
x: 26; y: 20; c: 0.0000006109476
x: 27; y: 20; c: 0.0000006109476
x: 28; y: 20; c: 0.0000006109476
x: 29; y: 20; c: 0.0000006109476
x: 30; y: 20; c: 0.0000006109476
x: 31; y: 20; c: 0.0000006109476
x: 32; y: 20; c: 0.0000006109476
x: 33; y: 20; c: 0.0000006109476
x: 34; y: 20; c: 0.31442583
x: 35; y: 20; c: 0.9999994
x: 36; y: 20; c: 0.9999994
x: 37; y: 20; c: 0.9999994
x: 38; y: 20; c: 0.9999994
x: 39; y: 20; c: 0.9999994
x: 40; y: 20; c: 0.9999994
x: 41; y: 20; c: 0.9999994
x: 42; y: 20; c: 0.9999994
x: 43; y: 20; c: 0.9999994
x: 44; y: 20; c: 0.2594751
x: 0; y: 21; c: 0.00000059604645
x: 1; y: 21; c: 0.00000059604645
x: 2; y: 21; c: 0.00000059604645
x: 3; y: 21; c: 0.00000059604645
x: 4; y: 21; c: 0.00000059604645
x: 5; y: 21; c: 0.00000059604645
x: 6; y: 21; c: 0.00000059604645
x: 7; y: 21; c: 0.00000059604645
x: 8; y: 21; c: 0.00000059604645
x: 9; y: 21; c: 0.00000059604645
x: 10; y: 21; c: 0.00000059604645
x: 11; y: 21; c: 0.00000059604645
x: 12; y: 21; c: 0.00000059604645
x: 13; y: 21; c: 0.00000059604645
x: 14; y: 21; c: 0.00000059604645
x: 15; y: 21; c: 0.00000059604645
x: 16; y: 21; c: 0.00000059604645
x: 17; y: 21; c: 0.00000059604645
x: 18; y: 21; c: 0.00000059604645
x: 19; y: 21; c: 0.00000059604645
x: 20; y: 21; c: 0.00000059604645
x: 21; y: 21; c: 0.00000059604645
x: 22; y: 21; c: 0.00000059604645
x: 23; y: 21; c: 0.00000059604645
x: 24; y: 21; c: 0.00000059604645
x: 25; y: 21; c: 0.00000059604645
x: 26; y: 21; c: 0.00000059604645
x: 27; y: 21; c: 0.00000059604645
x: 28; y: 21; c: 0.00000059604645
x: 29; y: 21; c: 0.00000059604645
x: 30; y: 21; c: 0.00000059604645
x: 31; y: 21; c: 0.00000059604645
x: 32; y: 21; c: 0.00000059604645
x: 33; y: 21; c: 0.00000059604645
x: 34; y: 21; c: 0.28323957
x: 35; y: 21; c: 0.9999994
x: 36; y: 21; c: 0.9999994
x: 37; y: 21; c: 0.9999994
x: 38; y: 21; c: 0.9999994
x: 39; y: 21; c: 0.9999994
x: 40; y: 21; c: 0.9999994
x: 41; y: 21; c: 0.9999994
x: 42; y: 21; c: 0.9999994
x: 43; y: 21; c: 0.9999994
x: 44; y: 21; c: 0.2594751
x: 0; y: 22; c: 0.00000059604645
x: 1; y: 22; c: 0.00000059604645
x: 2; y: 22; c: 0.00000059604645
x: 3; y: 22; c: 0.00000059604645
x: 4; y: 22; c: 0.00000059604645
x: 5; y: 22; c: 0.00000059604645
x: 6; y: 22; c: 0.00000059604645
x: 7; y: 22; c: 0.00000059604645
x: 8; y: 22; c: 0.00000059604645
x: 9; y: 22; c: 0.00000059604645
x: 10; y: 22; c: 0.00000059604645
x: 11; y: 22; c: 0.00000059604645
x: 12; y: 22; c: 0.00000059604645
x: 13; y: 22; c: 0.00000059604645
x: 14; y: 22; c: 0.00000059604645
x: 15; y: 22; c: 0.00000059604645
x: 16; y: 22; c: 0.00000059604645
x: 17; y: 22; c: 0.00000059604645
x: 18; y: 22; c: 0.00000059604645
x: 19; y: 22; c: 0.00000059604645
x: 20; y: 22; c: 0.00000059604645
x: 21; y: 22; c: 0.00000059604645
x: 22; y: 22; c: 0.00000059604645
x: 23; y: 22; c: 0.00000059604645
x: 24; y: 22; c: 0.00000059604645
x: 25; y: 22; c: 0.00000059604645
x: 26; y: 22; c: 0.00000059604645
x: 27; y: 22; c: 0.00000059604645
x: 28; y: 22; c: 0.00000059604645
x: 29; y: 22; c: 0.00000059604645
x: 30; y: 22; c: 0.00000059604645
x: 31; y: 22; c: 0.00000059604645
x: 32; y: 22; c: 0.00000059604645
x: 33; y: 22; c: 0.00000059604645
x: 34; y: 22; c: 0.28321397
x: 35; y: 22; c: 0.9999994
x: 36; y: 22; c: 0.9999994
x: 37; y: 22; c: 0.9999994
x: 38; y: 22; c: 0.9999994
x: 39; y: 22; c: 0.9999994
x: 40; y: 22; c: 0.9999994
x: 41; y: 22; c: 0.9999994
x: 42; y: 22; c: 0.9999994
x: 43; y: 22; c: 0.9999994
x: 44; y: 22; c: 0.2594751
x: 0; y: 23; c: 0.00000059604645
x: 1; y: 23; c: 0.00000059604645
x: 2; y: 23; c: 0.00000059604645
x: 3; y: 23; c: 0.00000059604645
x: 4; y: 23; c: 0.00000059604645
x: 5; y: 23; c: 0.00000059604645
x: 6; y: 23; c: 0.00000059604645
x: 7; y: 23; c: 0.00000059604645
x: 8; y: 23; c: 0.00000059604645
x: 9; y: 23; c: 0.00000059604645
x: 10; y: 23; c: 0.00000059604645
x: 11; y: 23; c: 0.00000059604645
x: 12; y: 23; c: 0.00000059604645
x: 13; y: 23; c: 0.00000059604645
x: 14; y: 23; c: 0.00000059604645
x: 15; y: 23; c: 0.00000059604645
x: 16; y: 23; c: 0.00000059604645
x: 17; y: 23; c: 0.00000059604645
x: 18; y: 23; c: 0.00000059604645
x: 19; y: 23; c: 0.00000059604645
x: 20; y: 23; c: 0.00000059604645
x: 21; y: 23; c: 0.00000059604645
x: 22; y: 23; c: 0.00000059604645
x: 23; y: 23; c: 0.00000059604645
x: 24; y: 23; c: 0.00000059604645
x: 25; y: 23; c: 0.00000059604645
x: 26; y: 23; c: 0.00000059604645
x: 27; y: 23; c: 0.00000059604645
x: 28; y: 23; c: 0.00000059604645
x: 29; y: 23; c: 0.00000059604645
x: 30; y: 23; c: 0.00000059604645
x: 31; y: 23; c: 0.00000059604645
x: 32; y: 23; c: 0.00000059604645
x: 33; y: 23; c: 0.00000059604645
x: 34; y: 23; c: 0.28321397
x: 35; y: 23; c: 0.9999994
x: 36; y: 23; c: 0.9999994
x: 37; y: 23; c: 0.9999994
x: 38; y: 23; c: 0.9999994
x: 39; y: 23; c: 0.9999994
x: 40; y: 23; c: 0.9999994
x: 41; y: 23; c: 0.9999994
x: 42; y: 23; c: 0.9999994
x: 43; y: 23; c: 0.9999994
x: 44; y: 23; c: 0.2594751
x: 0; y: 24; c: 0.00000059604645
x: 1; y: 24; c: 0.00000059604645
x: 2; y: 24; c: 0.00000059604645
x: 3; y: 24; c: 0.00000059604645
x: 4; y: 24; c: 0.00000059604645
x: 5; y: 24; c: 0.00000059604645
x: 6; y: 24; c: 0.00000059604645
x: 7; y: 24; c: 0.00000059604645
x: 8; y: 24; c: 0.00000059604645
x: 9; y: 24; c: 0.00000059604645
x: 10; y: 24; c: 0.00000059604645
x: 11; y: 24; c: 0.00000059604645
x: 12; y: 24; c: 0.00000059604645
x: 13; y: 24; c: 0.00000059604645
x: 14; y: 24; c: 0.00000059604645
x: 15; y: 24; c: 0.00000059604645
x: 16; y: 24; c: 0.00000059604645
x: 17; y: 24; c: 0.00000059604645
x: 18; y: 24; c: 0.00000059604645
x: 19; y: 24; c: 0.00000059604645
x: 20; y: 24; c: 0.00000059604645
x: 21; y: 24; c: 0.00000059604645
x: 22; y: 24; c: 0.00000059604645
x: 23; y: 24; c: 0.00000059604645
x: 24; y: 24; c: 0.00000059604645
x: 25; y: 24; c: 0.00000059604645
x: 26; y: 24; c: 0.00000059604645
x: 27; y: 24; c: 0.017444449
x: 28; y: 24; c: 0.055453703
x: 29; y: 24; c: 0.09349705
x: 30; y: 24; c: 0.1315404
x: 31; y: 24; c: 0.16958375
x: 32; y: 24; c: 0.2076271
x: 33; y: 24; c: 0.24567045
x: 34; y: 24; c: 0.48271483
x: 35; y: 24; c: 0.99999934
x: 36; y: 24; c: 0.99999934
x: 37; y: 24; c: 0.99999934
x: 38; y: 24; c: 0.99999934
x: 39; y: 24; c: 0.99999934
x: 40; y: 24; c: 0.99999934
x: 41; y: 24; c: 0.99999934
x: 42; y: 24; c: 0.99999934
x: 43; y: 24; c: 0.99999934
x: 44; y: 24; c: 0.25947505
x: 0; y: 25; c: 0.0000006556511
x: 1; y: 25; c: 0.0000006556511
x: 2; y: 25; c: 0.0000006556511
x: 3; y: 25; c: 0.0000006556511
x: 4; y: 25; c: 0.0000006556511
x: 5; y: 25; c: 0.0000006556511
x: 6; y: 25; c: 0.0000006556511
x: 7; y: 25; c: 0.0000006556511
x: 8; y: 25; c: 0.0000006556511
x: 9; y: 25; c: 0.0000006556511
x: 10; y: 25; c: 0.0000006556511
x: 11; y: 25; c: 0.0000006556511
x: 12; y: 25; c: 0.0000006556511
x: 13; y: 25; c: 0.0000006556511
x: 14; y: 25; c: 0.0000006556511
x: 15; y: 25; c: 0.0000006556511
x: 16; y: 25; c: 0.0034434637
x: 17; y: 25; c: 0.136611
x: 18; y: 25; c: 0.33575922
x: 19; y: 25; c: 0.47820592
x: 20; y: 25; c: 0.5596969
x: 21; y: 25; c: 0.6411681
x: 22; y: 25; c: 0.7226393
x: 23; y: 25; c: 0.8041105
x: 24; y: 25; c: 0.8853961
x: 25; y: 25; c: 0.94132364
x: 26; y: 25; c: 0.97936696
x: 27; y: 25; c: 0.99996525
x: 28; y: 25; c: 0.99999934
x: 29; y: 25; c: 0.99999934
x: 30; y: 25; c: 0.99999934
x: 31; y: 25; c: 0.99999934
x: 32; y: 25; c: 0.99999934
x: 33; y: 25; c: 0.99999934
x: 34; y: 25; c: 0.99999934
x: 35; y: 25; c: 0.99999934
x: 36; y: 25; c: 0.99999934
x: 37; y: 25; c: 0.99999934
x: 38; y: 25; c: 0.99999934
x: 39; y: 25; c: 0.99999934
x: 40; y: 25; c: 0.99999934
x: 41; y: 25; c: 0.99999934
x: 42; y: 25; c: 0.99999934
x: 43; y: 25; c: 0.99999934
x: 44; y: 25; c: 0.25947505
x: 0; y: 26; c: 0.0000006556511
x: 1; y: 26; c: 0.0000006556511
x: 2; y: 26; c: 0.0000006556511
x: 3; y: 26; c: 0.0000006556511
x: 4; y: 26; c: 0.0000006556511
x: 5; y: 26; c: 0.0000006556511
x: 6; y: 26; c: 0.0000006556511
x: 7; y: 26; c: 0.0000006556511
x: 8; y: 26; c: 0.0000006556511
x: 9; y: 26; c: 0.0000006556511
x: 10; y: 26; c: 0.0000006556511
x: 11; y: 26; c: 0.0000006556511
x: 12; y: 26; c: 0.011127202
x: 13; y: 26; c: 0.26972914
x: 14; y: 26; c: 0.53916633
x: 15; y: 26; c: 0.7383145
x: 16; y: 26; c: 0.9340186
x: 17; y: 26; c: 0.9999993
x: 18; y: 26; c: 0.9999993
x: 19; y: 26; c: 0.9999993
x: 20; y: 26; c: 0.9999993
x: 21; y: 26; c: 0.9999993
x: 22; y: 26; c: 0.9999993
x: 23; y: 26; c: 0.9999993
x: 24; y: 26; c: 0.9999993
x: 25; y: 26; c: 0.9999993
x: 26; y: 26; c: 0.9999993
x: 27; y: 26; c: 0.9999993
x: 28; y: 26; c: 0.9999993
x: 29; y: 26; c: 0.9999993
x: 30; y: 26; c: 0.9999993
x: 31; y: 26; c: 0.9999993
x: 32; y: 26; c: 0.9999993
x: 33; y: 26; c: 0.9999993
x: 34; y: 26; c: 0.9999993
x: 35; y: 26; c: 0.9999993
x: 36; y: 26; c: 0.9999993
x: 37; y: 26; c: 0.9999993
x: 38; y: 26; c: 0.9999993
x: 39; y: 26; c: 0.9999993
x: 40; y: 26; c: 0.9999993
x: 41; y: 26; c: 0.9999993
x: 42; y: 26; c: 0.9999993
x: 43; y: 26; c: 0.9999993
x: 44; y: 26; c: 0.259475
x: 0; y: 27; c: 0.00000071525574
x: 1; y: 27; c: 0.00000071525574
x: 2; y: 27; c: 0.00000071525574
x: 3; y: 27; c: 0.00000071525574
x: 4; y: 27; c: 0.00000071525574
x: 5; y: 27; c: 0.00000071525574
x: 6; y: 27; c: 0.00000071525574
x: 7; y: 27; c: 0.00000071525574
x: 8; y: 27; c: 0.00000071525574
x: 9; y: 27; c: 0.00006297316
x: 10; y: 27; c: 0.18725444
x: 11; y: 27; c: 0.5482036
x: 12; y: 27; c: 0.89802486
x: 13; y: 27; c: 0.9999993
x: 14; y: 27; c: 0.9999993
x: 15; y: 27; c: 0.9999993
x: 16; y: 27; c: 0.9999993
x: 17; y: 27; c: 0.9999993
x: 18; y: 27; c: 0.9999993
x: 19; y: 27; c: 0.9999993
x: 20; y: 27; c: 0.9999993
x: 21; y: 27; c: 0.9999993
x: 22; y: 27; c: 0.9999993
x: 23; y: 27; c: 0.9999993
x: 24; y: 27; c: 0.9999993
x: 25; y: 27; c: 0.9999993
x: 26; y: 27; c: 0.9999993
x: 27; y: 27; c: 0.9999993
x: 28; y: 27; c: 0.9999993
x: 29; y: 27; c: 0.9999993
x: 30; y: 27; c: 0.9999993
x: 31; y: 27; c: 0.9999993
x: 32; y: 27; c: 0.9999993
x: 33; y: 27; c: 0.9999993
x: 34; y: 27; c: 0.9999993
x: 35; y: 27; c: 0.9999993
x: 36; y: 27; c: 0.9999993
x: 37; y: 27; c: 0.9999993
x: 38; y: 27; c: 0.9999993
x: 39; y: 27; c: 0.9999993
x: 40; y: 27; c: 0.9999993
x: 41; y: 27; c: 0.9999993
x: 42; y: 27; c: 0.9999993
x: 43; y: 27; c: 0.9999993
x: 44; y: 27; c: 0.259475
x: 0; y: 28; c: 0.00000071525574
x: 1; y: 28; c: 0.00000071525574
x: 2; y: 28; c: 0.00000071525574
x: 3; y: 28; c: 0.00000071525574
x: 4; y: 28; c: 0.00000071525574
x: 5; y: 28; c: 0.00000071525574
x: 6; y: 28; c: 0.00000071525574
x: 7; y: 28; c: 0.00000071525574
x: 8; y: 28; c: 0.20291325
x: 9; y: 28; c: 0.7764579
x: 10; y: 28; c: 0.99999934
x: 11; y: 28; c: 0.99999934
x: 12; y: 28; c: 0.99999934
x: 13; y: 28; c: 0.99999934
x: 14; y: 28; c: 0.99999934
x: 15; y: 28; c: 0.99999934
x: 16; y: 28; c: 0.99999934
x: 17; y: 28; c: 0.99999934
x: 18; y: 28; c: 0.99999934
x: 19; y: 28; c: 0.99999934
x: 20; y: 28; c: 0.99999934
x: 21; y: 28; c: 0.99999934
x: 22; y: 28; c: 0.99999934
x: 23; y: 28; c: 0.99999934
x: 24; y: 28; c: 0.99999934
x: 25; y: 28; c: 0.99999934
x: 26; y: 28; c: 0.99999934
x: 27; y: 28; c: 0.99999934
x: 28; y: 28; c: 0.99999934
x: 29; y: 28; c: 0.99999934
x: 30; y: 28; c: 0.99999934
x: 31; y: 28; c: 0.99999934
x: 32; y: 28; c: 0.99999934
x: 33; y: 28; c: 0.99999934
x: 34; y: 28; c: 0.99999934
x: 35; y: 28; c: 0.99999934
x: 36; y: 28; c: 0.99999934
x: 37; y: 28; c: 0.99999934
x: 38; y: 28; c: 0.99999934
x: 39; y: 28; c: 0.99999934
x: 40; y: 28; c: 0.99999934
x: 41; y: 28; c: 0.99999934
x: 42; y: 28; c: 0.99999934
x: 43; y: 28; c: 0.99999934
x: 44; y: 28; c: 0.25947505
x: 0; y: 29; c: 0.0000006556511
x: 1; y: 29; c: 0.0000006556511
x: 2; y: 29; c: 0.0000006556511
x: 3; y: 29; c: 0.0000006556511
x: 4; y: 29; c: 0.0000006556511
x: 5; y: 29; c: 0.0000006556511
x: 6; y: 29; c: 0.07410345
x: 7; y: 29; c: 0.5962666
x: 8; y: 29; c: 0.99076766
x: 9; y: 29; c: 0.99999934
x: 10; y: 29; c: 0.99999934
x: 11; y: 29; c: 0.99999934
x: 12; y: 29; c: 0.99999934
x: 13; y: 29; c: 0.99999934
x: 14; y: 29; c: 0.99999934
x: 15; y: 29; c: 0.99999934
x: 16; y: 29; c: 0.99999934
x: 17; y: 29; c: 0.99999934
x: 18; y: 29; c: 0.99999934
x: 19; y: 29; c: 0.99999934
x: 20; y: 29; c: 0.99999934
x: 21; y: 29; c: 0.99999934
x: 22; y: 29; c: 0.99999934
x: 23; y: 29; c: 0.99999934
x: 24; y: 29; c: 0.99999934
x: 25; y: 29; c: 0.99999934
x: 26; y: 29; c: 0.99999934
x: 27; y: 29; c: 0.99999934
x: 28; y: 29; c: 0.99999934
x: 29; y: 29; c: 0.99999934
x: 30; y: 29; c: 0.99999934
x: 31; y: 29; c: 0.99999934
x: 32; y: 29; c: 0.99999934
x: 33; y: 29; c: 0.99999934
x: 34; y: 29; c: 0.99999934
x: 35; y: 29; c: 0.99999934
x: 36; y: 29; c: 0.99999934
x: 37; y: 29; c: 0.99999934
x: 38; y: 29; c: 0.99999934
x: 39; y: 29; c: 0.99999934
x: 40; y: 29; c: 0.99999934
x: 41; y: 29; c: 0.99999934
x: 42; y: 29; c: 0.99999934
x: 43; y: 29; c: 0.99999934
x: 44; y: 29; c: 0.25947505
x: 0; y: 30; c: 0.0000006556511
x: 1; y: 30; c: 0.0000006556511
x: 2; y: 30; c: 0.0000006556511
x: 3; y: 30; c: 0.0000006556511
x: 4; y: 30; c: 0.0000006556511
x: 5; y: 30; c: 0.21107854
x: 6; y: 30; c: 0.9195216
x: 7; y: 30; c: 0.9999993
x: 8; y: 30; c: 0.9999993
x: 9; y: 30; c: 0.9999993
x: 10; y: 30; c: 0.9999993
x: 11; y: 30; c: 0.9999993
x: 12; y: 30; c: 0.9999993
x: 13; y: 30; c: 0.9999993
x: 14; y: 30; c: 0.9999993
x: 15; y: 30; c: 0.9999993
x: 16; y: 30; c: 0.9999993
x: 17; y: 30; c: 0.9999993
x: 18; y: 30; c: 0.9999993
x: 19; y: 30; c: 0.9999993
x: 20; y: 30; c: 0.9999993
x: 21; y: 30; c: 0.9999993
x: 22; y: 30; c: 0.9999993
x: 23; y: 30; c: 0.9999993
x: 24; y: 30; c: 0.9999993
x: 25; y: 30; c: 0.9999993
x: 26; y: 30; c: 0.9999993
x: 27; y: 30; c: 0.9999993
x: 28; y: 30; c: 0.9999993
x: 29; y: 30; c: 0.9999993
x: 30; y: 30; c: 0.9999993
x: 31; y: 30; c: 0.9999993
x: 32; y: 30; c: 0.9999993
x: 33; y: 30; c: 0.9999993
x: 34; y: 30; c: 0.9999993
x: 35; y: 30; c: 0.9999993
x: 36; y: 30; c: 0.9999993
x: 37; y: 30; c: 0.9999993
x: 38; y: 30; c: 0.9999993
x: 39; y: 30; c: 0.9999993
x: 40; y: 30; c: 0.9999993
x: 41; y: 30; c: 0.9999993
x: 42; y: 30; c: 0.9999993
x: 43; y: 30; c: 0.9999993
x: 44; y: 30; c: 0.259475
x: 0; y: 31; c: 0.00000071525574
x: 1; y: 31; c: 0.00000071525574
x: 2; y: 31; c: 0.00000071525574
x: 3; y: 31; c: 0.00000071525574
x: 4; y: 31; c: 0.2350408
x: 5; y: 31; c: 0.944728
x: 6; y: 31; c: 0.9999993
x: 7; y: 31; c: 0.9999993
x: 8; y: 31; c: 0.9999993
x: 9; y: 31; c: 0.9999993
x: 10; y: 31; c: 0.9999993
x: 11; y: 31; c: 0.9999993
x: 12; y: 31; c: 0.9999993
x: 13; y: 31; c: 0.9999993
x: 14; y: 31; c: 0.9999993
x: 15; y: 31; c: 0.9999993
x: 16; y: 31; c: 0.9999993
x: 17; y: 31; c: 0.9999993
x: 18; y: 31; c: 0.9999993
x: 19; y: 31; c: 0.9999993
x: 20; y: 31; c: 0.9999993
x: 21; y: 31; c: 0.9999993
x: 22; y: 31; c: 0.9999993
x: 23; y: 31; c: 0.99996954
x: 24; y: 31; c: 0.95545954
x: 25; y: 31; c: 0.8708668
x: 26; y: 31; c: 0.7862772
x: 27; y: 31; c: 0.719977
x: 28; y: 31; c: 0.6710259
x: 29; y: 31; c: 0.6220747
x: 30; y: 31; c: 0.5731236
x: 31; y: 31; c: 0.5241724
x: 32; y: 31; c: 0.47522128
x: 33; y: 31; c: 0.42627013
x: 34; y: 31; c: 0.625886
x: 35; y: 31; c: 0.9999992
x: 36; y: 31; c: 0.9999992
x: 37; y: 31; c: 0.9999992
x: 38; y: 31; c: 0.9999992
x: 39; y: 31; c: 0.9999992
x: 40; y: 31; c: 0.9999992
x: 41; y: 31; c: 0.9999992
x: 42; y: 31; c: 0.9999992
x: 43; y: 31; c: 0.9999992
x: 44; y: 31; c: 0.25947493
x: 0; y: 32; c: 0.0000007748604
x: 1; y: 32; c: 0.0000007748604
x: 2; y: 32; c: 0.0000007748604
x: 3; y: 32; c: 0.25178537
x: 4; y: 32; c: 0.9560163
x: 5; y: 32; c: 0.9999993
x: 6; y: 32; c: 0.9999993
x: 7; y: 32; c: 0.9999993
x: 8; y: 32; c: 0.9999993
x: 9; y: 32; c: 0.9999993
x: 10; y: 32; c: 0.9999993
x: 11; y: 32; c: 0.9999993
x: 12; y: 32; c: 0.9999993
x: 13; y: 32; c: 0.9999993
x: 14; y: 32; c: 0.9999993
x: 15; y: 32; c: 0.9999993
x: 16; y: 32; c: 0.9999993
x: 17; y: 32; c: 0.9999993
x: 18; y: 32; c: 0.93660474
x: 19; y: 32; c: 0.70403194
x: 20; y: 32; c: 0.5135563
x: 21; y: 32; c: 0.32308066
x: 22; y: 32; c: 0.14215957
x: 23; y: 32; c: 0.040081993
x: 24; y: 32; c: 0.000000718981
x: 25; y: 32; c: 0.000000718981
x: 26; y: 32; c: 0.000000718981
x: 27; y: 32; c: 0.000000718981
x: 28; y: 32; c: 0.000000718981
x: 29; y: 32; c: 0.000000718981
x: 30; y: 32; c: 0.000000718981
x: 31; y: 32; c: 0.000000718981
x: 32; y: 32; c: 0.000000718981
x: 33; y: 32; c: 0.000000718981
x: 34; y: 32; c: 0.38983846
x: 35; y: 32; c: 0.9999993
x: 36; y: 32; c: 0.9999993
x: 37; y: 32; c: 0.9999993
x: 38; y: 32; c: 0.9999993
x: 39; y: 32; c: 0.9999993
x: 40; y: 32; c: 0.9999993
x: 41; y: 32; c: 0.9999993
x: 42; y: 32; c: 0.9999993
x: 43; y: 32; c: 0.9999993
x: 44; y: 32; c: 0.259475
x: 0; y: 33; c: 0.00000071525574
x: 1; y: 33; c: 0.00000071525574
x: 2; y: 33; c: 0.0588237
x: 3; y: 33; c: 0.9013561
x: 4; y: 33; c: 0.9999993
x: 5; y: 33; c: 0.9999993
x: 6; y: 33; c: 0.9999993
x: 7; y: 33; c: 0.9999993
x: 8; y: 33; c: 0.9999993
x: 9; y: 33; c: 0.9999993
x: 10; y: 33; c: 0.9999993
x: 11; y: 33; c: 0.9999993
x: 12; y: 33; c: 0.9999993
x: 13; y: 33; c: 0.9999993
x: 14; y: 33; c: 0.9999993
x: 15; y: 33; c: 0.97784704
x: 16; y: 33; c: 0.66057694
x: 17; y: 33; c: 0.31204262
x: 18; y: 33; c: 0.02723515
x: 19; y: 33; c: 0.00000074878335
x: 20; y: 33; c: 0.00000074878335
x: 21; y: 33; c: 0.00000074878335
x: 22; y: 33; c: 0.00000074878335
x: 23; y: 33; c: 0.00000074878335
x: 24; y: 33; c: 0.00000074878335
x: 25; y: 33; c: 0.00000074878335
x: 26; y: 33; c: 0.00000074878335
x: 27; y: 33; c: 0.00000074878335
x: 28; y: 33; c: 0.00000074878335
x: 29; y: 33; c: 0.00000074878335
x: 30; y: 33; c: 0.00000074878335
x: 31; y: 33; c: 0.00000074878335
x: 32; y: 33; c: 0.00000074878335
x: 33; y: 33; c: 0.00000074878335
x: 34; y: 33; c: 0.38983843
x: 35; y: 33; c: 0.9999993
x: 36; y: 33; c: 0.9999993
x: 37; y: 33; c: 0.9999993
x: 38; y: 33; c: 0.9999993
x: 39; y: 33; c: 0.9999993
x: 40; y: 33; c: 0.9999993
x: 41; y: 33; c: 0.9999993
x: 42; y: 33; c: 0.9999993
x: 43; y: 33; c: 0.9999993
x: 44; y: 33; c: 0.259475
x: 0; y: 34; c: 0.00000071525574
x: 1; y: 34; c: 0.00000071525574
x: 2; y: 34; c: 0.5798156
x: 3; y: 34; c: 0.9999993
x: 4; y: 34; c: 0.9999993
x: 5; y: 34; c: 0.9999993
x: 6; y: 34; c: 0.9999993
x: 7; y: 34; c: 0.9999993
x: 8; y: 34; c: 0.9999993
x: 9; y: 34; c: 0.9999993
x: 10; y: 34; c: 0.9999993
x: 11; y: 34; c: 0.9999993
x: 12; y: 34; c: 0.9999993
x: 13; y: 34; c: 0.9999993
x: 14; y: 34; c: 0.7298907
x: 15; y: 34; c: 0.15740263
x: 16; y: 34; c: 0.0000007003546
x: 17; y: 34; c: 0.0000007003546
x: 18; y: 34; c: 0.0000007003546
x: 19; y: 34; c: 0.0000007003546
x: 20; y: 34; c: 0.0000007003546
x: 21; y: 34; c: 0.0000007003546
x: 22; y: 34; c: 0.0000007003546
x: 23; y: 34; c: 0.0000007003546
x: 24; y: 34; c: 0.0000007003546
x: 25; y: 34; c: 0.0000007003546
x: 26; y: 34; c: 0.0000007003546
x: 27; y: 34; c: 0.0000007003546
x: 28; y: 34; c: 0.0000007003546
x: 29; y: 34; c: 0.0000007003546
x: 30; y: 34; c: 0.0000007003546
x: 31; y: 34; c: 0.0000007003546
x: 32; y: 34; c: 0.0000007003546
x: 33; y: 34; c: 0.0000007003546
x: 34; y: 34; c: 0.38983846
x: 35; y: 34; c: 0.9999993
x: 36; y: 34; c: 0.9999993
x: 37; y: 34; c: 0.9999993
x: 38; y: 34; c: 0.9999993
x: 39; y: 34; c: 0.9999993
x: 40; y: 34; c: 0.9999993
x: 41; y: 34; c: 0.9999993
x: 42; y: 34; c: 0.9999993
x: 43; y: 34; c: 0.9999993
x: 44; y: 34; c: 0.259475
x: 0; y: 35; c: 0.00000071525574
x: 1; y: 35; c: 0.20787925
x: 2; y: 35; c: 0.99017036
x: 3; y: 35; c: 0.9999993
x: 4; y: 35; c: 0.9999993
x: 5; y: 35; c: 0.9999993
x: 6; y: 35; c: 0.9999993
x: 7; y: 35; c: 0.9999993
x: 8; y: 35; c: 0.9999993
x: 9; y: 35; c: 0.9999993
x: 10; y: 35; c: 0.9999993
x: 11; y: 35; c: 0.9999993
x: 12; y: 35; c: 0.9972335
x: 13; y: 35; c: 0.43741906
x: 14; y: 35; c: 0.00066787004
x: 15; y: 35; c: 0.00000073952833
x: 16; y: 35; c: 0.00000073952833
x: 17; y: 35; c: 0.00000073952833
x: 18; y: 35; c: 0.00000073952833
x: 19; y: 35; c: 0.00000073952833
x: 20; y: 35; c: 0.00000073952833
x: 21; y: 35; c: 0.00000073952833
x: 22; y: 35; c: 0.00000073952833
x: 23; y: 35; c: 0.00000073952833
x: 24; y: 35; c: 0.00000073952833
x: 25; y: 35; c: 0.00000073952833
x: 26; y: 35; c: 0.00000073952833
x: 27; y: 35; c: 0.00000073952833
x: 28; y: 35; c: 0.00000073952833
x: 29; y: 35; c: 0.00000073952833
x: 30; y: 35; c: 0.00000073952833
x: 31; y: 35; c: 0.00000073952833
x: 32; y: 35; c: 0.00000073952833
x: 33; y: 35; c: 0.00000073952833
x: 34; y: 35; c: 0.38983843
x: 35; y: 35; c: 0.9999993
x: 36; y: 35; c: 0.9999993
x: 37; y: 35; c: 0.9999993
x: 38; y: 35; c: 0.9999993
x: 39; y: 35; c: 0.9999993
x: 40; y: 35; c: 0.9999993
x: 41; y: 35; c: 0.9999993
x: 42; y: 35; c: 0.9999993
x: 43; y: 35; c: 0.9999993
x: 44; y: 35; c: 0.259475
x: 0; y: 36; c: 0.00000071525574
x: 1; y: 36; c: 0.64010644
x: 2; y: 36; c: 0.9999993
x: 3; y: 36; c: 0.9999993
x: 4; y: 36; c: 0.9999993
x: 5; y: 36; c: 0.9999993
x: 6; y: 36; c: 0.9999993
x: 7; y: 36; c: 0.9999993
x: 8; y: 36; c: 0.9999993
x: 9; y: 36; c: 0.9999993
x: 10; y: 36; c: 0.9999993
x: 11; y: 36; c: 0.99989253
x: 12; y: 36; c: 0.43192643
x: 13; y: 36; c: 0.00000074505806
x: 14; y: 36; c: 0.00000074505806
x: 15; y: 36; c: 0.00000074505806
x: 16; y: 36; c: 0.00000074505806
x: 17; y: 36; c: 0.00000074505806
x: 18; y: 36; c: 0.00000074505806
x: 19; y: 36; c: 0.00000074505806
x: 20; y: 36; c: 0.00000074505806
x: 21; y: 36; c: 0.00000074505806
x: 22; y: 36; c: 0.00000074505806
x: 23; y: 36; c: 0.00000074505806
x: 24; y: 36; c: 0.00000074505806
x: 25; y: 36; c: 0.00000074505806
x: 26; y: 36; c: 0.00000074505806
x: 27; y: 36; c: 0.00000074505806
x: 28; y: 36; c: 0.00000074505806
x: 29; y: 36; c: 0.00000074505806
x: 30; y: 36; c: 0.00000074505806
x: 31; y: 36; c: 0.00000074505806
x: 32; y: 36; c: 0.00000074505806
x: 33; y: 36; c: 0.00000074505806
x: 34; y: 36; c: 0.3943013
x: 35; y: 36; c: 0.9999993
x: 36; y: 36; c: 0.9999993
x: 37; y: 36; c: 0.9999993
x: 38; y: 36; c: 0.9999993
x: 39; y: 36; c: 0.9999993
x: 40; y: 36; c: 0.9999993
x: 41; y: 36; c: 0.9999993
x: 42; y: 36; c: 0.9999993
x: 43; y: 36; c: 0.9999993
x: 44; y: 36; c: 0.259475
x: 0; y: 37; c: 0.022366941
x: 1; y: 37; c: 0.937388
x: 2; y: 37; c: 0.9999993
x: 3; y: 37; c: 0.9999993
x: 4; y: 37; c: 0.9999993
x: 5; y: 37; c: 0.9999993
x: 6; y: 37; c: 0.9999993
x: 7; y: 37; c: 0.9999993
x: 8; y: 37; c: 0.9999993
x: 9; y: 37; c: 0.9999993
x: 10; y: 37; c: 0.9999993
x: 11; y: 37; c: 0.7073643
x: 12; y: 37; c: 0.00000071525574
x: 13; y: 37; c: 0.00000071525574
x: 14; y: 37; c: 0.00000071525574
x: 15; y: 37; c: 0.00000071525574
x: 16; y: 37; c: 0.00000071525574
x: 17; y: 37; c: 0.00000071525574
x: 18; y: 37; c: 0.00000071525574
x: 19; y: 37; c: 0.00000071525574
x: 20; y: 37; c: 0.00000071525574
x: 21; y: 37; c: 0.00000071525574
x: 22; y: 37; c: 0.00000071525574
x: 23; y: 37; c: 0.00000071525574
x: 24; y: 37; c: 0.00000071525574
x: 25; y: 37; c: 0.00000071525574
x: 26; y: 37; c: 0.00000071525574
x: 27; y: 37; c: 0.00000071525574
x: 28; y: 37; c: 0.00000071525574
x: 29; y: 37; c: 0.00000071525574
x: 30; y: 37; c: 0.00000071525574
x: 31; y: 37; c: 0.00000071525574
x: 32; y: 37; c: 0.00000071525574
x: 33; y: 37; c: 0.00000071525574
x: 34; y: 37; c: 0.45170522
x: 35; y: 37; c: 0.9999993
x: 36; y: 37; c: 0.9999993
x: 37; y: 37; c: 0.9999993
x: 38; y: 37; c: 0.9999993
x: 39; y: 37; c: 0.9999993
x: 40; y: 37; c: 0.9999993
x: 41; y: 37; c: 0.9999993
x: 42; y: 37; c: 0.9999993
x: 43; y: 37; c: 0.9999993
x: 44; y: 37; c: 0.259475
x: 0; y: 38; c: 0.27940488
x: 1; y: 38; c: 0.9999993
x: 2; y: 38; c: 0.9999993
x: 3; y: 38; c: 0.9999993
x: 4; y: 38; c: 0.9999993
x: 5; y: 38; c: 0.9999993
x: 6; y: 38; c: 0.9999993
x: 7; y: 38; c: 0.9999993
x: 8; y: 38; c: 0.9999993
x: 9; y: 38; c: 0.9999993
x: 10; y: 38; c: 0.98589444
x: 11; y: 38; c: 0.16084439
x: 12; y: 38; c: 0.0000007748604
x: 13; y: 38; c: 0.0000007748604
x: 14; y: 38; c: 0.0000007748604
x: 15; y: 38; c: 0.0000007748604
x: 16; y: 38; c: 0.0000007748604
x: 17; y: 38; c: 0.0000007748604
x: 18; y: 38; c: 0.0000007748604
x: 19; y: 38; c: 0.0000007748604
x: 20; y: 38; c: 0.0000007748604
x: 21; y: 38; c: 0.0000007748604
x: 22; y: 38; c: 0.0000007748604
x: 23; y: 38; c: 0.0000007748604
x: 24; y: 38; c: 0.0000007748604
x: 25; y: 38; c: 0.0000007748604
x: 26; y: 38; c: 0.0000007748604
x: 27; y: 38; c: 0.0000007748604
x: 28; y: 38; c: 0.0000007748604
x: 29; y: 38; c: 0.0000007748604
x: 30; y: 38; c: 0.0000007748604
x: 31; y: 38; c: 0.0000007748604
x: 32; y: 38; c: 0.0000007748604
x: 33; y: 38; c: 0.0000007748604
x: 34; y: 38; c: 0.52445906
x: 35; y: 38; c: 0.9999992
x: 36; y: 38; c: 0.9999992
x: 37; y: 38; c: 0.9999992
x: 38; y: 38; c: 0.9999992
x: 39; y: 38; c: 0.9999992
x: 40; y: 38; c: 0.9999992
x: 41; y: 38; c: 0.9999992
x: 42; y: 38; c: 0.9999992
x: 43; y: 38; c: 0.9999992
x: 44; y: 38; c: 0.25947493
x: 0; y: 39; c: 0.5724723
x: 1; y: 39; c: 0.9999992
x: 2; y: 39; c: 0.9999992
x: 3; y: 39; c: 0.9999992
x: 4; y: 39; c: 0.9999992
x: 5; y: 39; c: 0.9999992
x: 6; y: 39; c: 0.9999992
x: 7; y: 39; c: 0.9999992
x: 8; y: 39; c: 0.9999992
x: 9; y: 39; c: 0.9999992
x: 10; y: 39; c: 0.76253337
x: 11; y: 39; c: 0.0000007748604
x: 12; y: 39; c: 0.0000007748604
x: 13; y: 39; c: 0.0000007748604
x: 14; y: 39; c: 0.0000007748604
x: 15; y: 39; c: 0.0000007748604
x: 16; y: 39; c: 0.0000007748604
x: 17; y: 39; c: 0.0000007748604
x: 18; y: 39; c: 0.0000007748604
x: 19; y: 39; c: 0.0000007748604
x: 20; y: 39; c: 0.0000007748604
x: 21; y: 39; c: 0.0000007748604
x: 22; y: 39; c: 0.0000007748604
x: 23; y: 39; c: 0.0000007748604
x: 24; y: 39; c: 0.0000007748604
x: 25; y: 39; c: 0.0000007748604
x: 26; y: 39; c: 0.0000007748604
x: 27; y: 39; c: 0.0000007748604
x: 28; y: 39; c: 0.0000007748604
x: 29; y: 39; c: 0.0000007748604
x: 30; y: 39; c: 0.0000007748604
x: 31; y: 39; c: 0.0000007748604
x: 32; y: 39; c: 0.0000007748604
x: 33; y: 39; c: 0.0000007748604
x: 34; y: 39; c: 0.5972206
x: 35; y: 39; c: 0.9999992
x: 36; y: 39; c: 0.9999992
x: 37; y: 39; c: 0.9999992
x: 38; y: 39; c: 0.9999992
x: 39; y: 39; c: 0.9999992
x: 40; y: 39; c: 0.9999992
x: 41; y: 39; c: 0.9999992
x: 42; y: 39; c: 0.9999992
x: 43; y: 39; c: 0.9999992
x: 44; y: 39; c: 0.25947493
x: 0; y: 40; c: 0.69594014
x: 1; y: 40; c: 0.9999992
x: 2; y: 40; c: 0.9999992
x: 3; y: 40; c: 0.9999992
x: 4; y: 40; c: 0.9999992
x: 5; y: 40; c: 0.9999992
x: 6; y: 40; c: 0.9999992
x: 7; y: 40; c: 0.9999992
x: 8; y: 40; c: 0.9999992
x: 9; y: 40; c: 0.9999992
x: 10; y: 40; c: 0.48427218
x: 11; y: 40; c: 0.0000007748604
x: 12; y: 40; c: 0.0000007748604
x: 13; y: 40; c: 0.0000007748604
x: 14; y: 40; c: 0.0000007748604
x: 15; y: 40; c: 0.0000007748604
x: 16; y: 40; c: 0.0000007748604
x: 17; y: 40; c: 0.0000007748604
x: 18; y: 40; c: 0.0000007748604
x: 19; y: 40; c: 0.0000007748604
x: 20; y: 40; c: 0.0000007748604
x: 21; y: 40; c: 0.0000007748604
x: 22; y: 40; c: 0.0000007748604
x: 23; y: 40; c: 0.0000007748604
x: 24; y: 40; c: 0.0000007748604
x: 25; y: 40; c: 0.0000007748604
x: 26; y: 40; c: 0.0000007748604
x: 27; y: 40; c: 0.0000007748604
x: 28; y: 40; c: 0.0000007748604
x: 29; y: 40; c: 0.0000007748604
x: 30; y: 40; c: 0.0000007748604
x: 31; y: 40; c: 0.0000007748604
x: 32; y: 40; c: 0.0000007748604
x: 33; y: 40; c: 0.0000007748604
x: 34; y: 40; c: 0.6853026
x: 35; y: 40; c: 0.9999992
x: 36; y: 40; c: 0.9999992
x: 37; y: 40; c: 0.9999992
x: 38; y: 40; c: 0.9999992
x: 39; y: 40; c: 0.9999992
x: 40; y: 40; c: 0.9999992
x: 41; y: 40; c: 0.9999992
x: 42; y: 40; c: 0.9999992
x: 43; y: 40; c: 0.9999992
x: 44; y: 40; c: 0.25947493
x: 0; y: 41; c: 0.78938687
x: 1; y: 41; c: 0.9999992
x: 2; y: 41; c: 0.9999992
x: 3; y: 41; c: 0.9999992
x: 4; y: 41; c: 0.9999992
x: 5; y: 41; c: 0.9999992
x: 6; y: 41; c: 0.9999992
x: 7; y: 41; c: 0.9999992
x: 8; y: 41; c: 0.9999992
x: 9; y: 41; c: 0.9999992
x: 10; y: 41; c: 0.27481538
x: 11; y: 41; c: 0.00000074505806
x: 12; y: 41; c: 0.00000074505806
x: 13; y: 41; c: 0.00000074505806
x: 14; y: 41; c: 0.00000074505806
x: 15; y: 41; c: 0.00000074505806
x: 16; y: 41; c: 0.00000074505806
x: 17; y: 41; c: 0.00000074505806
x: 18; y: 41; c: 0.00000074505806
x: 19; y: 41; c: 0.00000074505806
x: 20; y: 41; c: 0.00000074505806
x: 21; y: 41; c: 0.00000074505806
x: 22; y: 41; c: 0.00000074505806
x: 23; y: 41; c: 0.00000074505806
x: 24; y: 41; c: 0.00000074505806
x: 25; y: 41; c: 0.00000074505806
x: 26; y: 41; c: 0.00000074505806
x: 27; y: 41; c: 0.00000074505806
x: 28; y: 41; c: 0.00000074505806
x: 29; y: 41; c: 0.00000074505806
x: 30; y: 41; c: 0.00000074505806
x: 31; y: 41; c: 0.00000074505806
x: 32; y: 41; c: 0.00000074505806
x: 33; y: 41; c: 0.0023087026
x: 34; y: 41; c: 0.90518534
x: 35; y: 41; c: 0.9999993
x: 36; y: 41; c: 0.9999993
x: 37; y: 41; c: 0.9999993
x: 38; y: 41; c: 0.9999993
x: 39; y: 41; c: 0.9999993
x: 40; y: 41; c: 0.9999993
x: 41; y: 41; c: 0.9999993
x: 42; y: 41; c: 0.9999993
x: 43; y: 41; c: 0.9999993
x: 44; y: 41; c: 0.259475
x: 0; y: 42; c: 0.88283366
x: 1; y: 42; c: 0.9999993
x: 2; y: 42; c: 0.9999993
x: 3; y: 42; c: 0.9999993
x: 4; y: 42; c: 0.9999993
x: 5; y: 42; c: 0.9999993
x: 6; y: 42; c: 0.9999993
x: 7; y: 42; c: 0.9999993
x: 8; y: 42; c: 0.9999993
x: 9; y: 42; c: 0.9999993
x: 10; y: 42; c: 0.18958783
x: 11; y: 42; c: 0.00000071525574
x: 12; y: 42; c: 0.00000071525574
x: 13; y: 42; c: 0.00000071525574
x: 14; y: 42; c: 0.00000071525574
x: 15; y: 42; c: 0.00000071525574
x: 16; y: 42; c: 0.00000071525574
x: 17; y: 42; c: 0.00000071525574
x: 18; y: 42; c: 0.00000071525574
x: 19; y: 42; c: 0.00000071525574
x: 20; y: 42; c: 0.00000071525574
x: 21; y: 42; c: 0.00000071525574
x: 22; y: 42; c: 0.00000071525574
x: 23; y: 42; c: 0.00000071525574
x: 24; y: 42; c: 0.00000071525574
x: 25; y: 42; c: 0.00000071525574
x: 26; y: 42; c: 0.00000071525574
x: 27; y: 42; c: 0.00000071525574
x: 28; y: 42; c: 0.00000071525574
x: 29; y: 42; c: 0.00000071525574
x: 30; y: 42; c: 0.00000071525574
x: 31; y: 42; c: 0.00000071525574
x: 32; y: 42; c: 0.00000071525574
x: 33; y: 42; c: 0.16093373
x: 34; y: 42; c: 0.9999993
x: 35; y: 42; c: 0.9999993
x: 36; y: 42; c: 0.9999993
x: 37; y: 42; c: 0.9999993
x: 38; y: 42; c: 0.9999993
x: 39; y: 42; c: 0.9999993
x: 40; y: 42; c: 0.9999993
x: 41; y: 42; c: 0.9999993
x: 42; y: 42; c: 0.9999993
x: 43; y: 42; c: 0.9999993
x: 44; y: 42; c: 0.259475
x: 0; y: 43; c: 0.96486187
x: 1; y: 43; c: 0.9999993
x: 2; y: 43; c: 0.9999993
x: 3; y: 43; c: 0.9999993
x: 4; y: 43; c: 0.9999993
x: 5; y: 43; c: 0.9999993
x: 6; y: 43; c: 0.9999993
x: 7; y: 43; c: 0.9999993
x: 8; y: 43; c: 0.9999993
x: 9; y: 43; c: 0.9999993
x: 10; y: 43; c: 0.11294943
x: 11; y: 43; c: 0.0000007376075
x: 12; y: 43; c: 0.0000007376075
x: 13; y: 43; c: 0.0000007376075
x: 14; y: 43; c: 0.0000007376075
x: 15; y: 43; c: 0.0000007376075
x: 16; y: 43; c: 0.0000007376075
x: 17; y: 43; c: 0.0000007376075
x: 18; y: 43; c: 0.0000007376075
x: 19; y: 43; c: 0.0000007376075
x: 20; y: 43; c: 0.0000007376075
x: 21; y: 43; c: 0.0000007376075
x: 22; y: 43; c: 0.0000007376075
x: 23; y: 43; c: 0.0000007376075
x: 24; y: 43; c: 0.0000007376075
x: 25; y: 43; c: 0.0000007376075
x: 26; y: 43; c: 0.0000007376075
x: 27; y: 43; c: 0.0000007376075
x: 28; y: 43; c: 0.0000007376075
x: 29; y: 43; c: 0.0000007376075
x: 30; y: 43; c: 0.0000007376075
x: 31; y: 43; c: 0.0000007376075
x: 32; y: 43; c: 0.0000007376075
x: 33; y: 43; c: 0.4144121
x: 34; y: 43; c: 0.9999993
x: 35; y: 43; c: 0.9999993
x: 36; y: 43; c: 0.9999993
x: 37; y: 43; c: 0.9999993
x: 38; y: 43; c: 0.9999993
x: 39; y: 43; c: 0.9999993
x: 40; y: 43; c: 0.9999993
x: 41; y: 43; c: 0.9999993
x: 42; y: 43; c: 0.9999993
x: 43; y: 43; c: 0.9999993
x: 44; y: 43; c: 0.259475
x: 0; y: 44; c: 0.9224179
x: 1; y: 44; c: 0.9999993
x: 2; y: 44; c: 0.9999993
x: 3; y: 44; c: 0.9999993
x: 4; y: 44; c: 0.9999993
x: 5; y: 44; c: 0.9999993
x: 6; y: 44; c: 0.9999993
x: 7; y: 44; c: 0.9999993
x: 8; y: 44; c: 0.9999993
x: 9; y: 44; c: 0.9999993
x: 10; y: 44; c: 0.16031575
x: 11; y: 44; c: 0.00000071525574
x: 12; y: 44; c: 0.00000071525574
x: 13; y: 44; c: 0.00000071525574
x: 14; y: 44; c: 0.00000071525574
x: 15; y: 44; c: 0.00000071525574
x: 16; y: 44; c: 0.00000071525574
x: 17; y: 44; c: 0.00000071525574
x: 18; y: 44; c: 0.00000071525574
x: 19; y: 44; c: 0.00000071525574
x: 20; y: 44; c: 0.00000071525574
x: 21; y: 44; c: 0.00000071525574
x: 22; y: 44; c: 0.00000071525574
x: 23; y: 44; c: 0.00000071525574
x: 24; y: 44; c: 0.00000071525574
x: 25; y: 44; c: 0.00000071525574
x: 26; y: 44; c: 0.00000071525574
x: 27; y: 44; c: 0.00000071525574
x: 28; y: 44; c: 0.00000071525574
x: 29; y: 44; c: 0.00000071525574
x: 30; y: 44; c: 0.00000071525574
x: 31; y: 44; c: 0.00000071525574
x: 32; y: 44; c: 0.00062969053
x: 33; y: 44; c: 0.7844565
x: 34; y: 44; c: 0.9999993
x: 35; y: 44; c: 0.9999993
x: 36; y: 44; c: 0.9999993
x: 37; y: 44; c: 0.9999993
x: 38; y: 44; c: 0.9999993
x: 39; y: 44; c: 0.9999993
x: 40; y: 44; c: 0.9999993
x: 41; y: 44; c: 0.9999993
x: 42; y: 44; c: 0.9999993
x: 43; y: 44; c: 0.9999993
x: 44; y: 44; c: 0.259475
x: 0; y: 45; c: 0.84586287
x: 1; y: 45; c: 0.9999993
x: 2; y: 45; c: 0.9999993
x: 3; y: 45; c: 0.9999993
x: 4; y: 45; c: 0.9999993
x: 5; y: 45; c: 0.9999993
x: 6; y: 45; c: 0.9999993
x: 7; y: 45; c: 0.9999993
x: 8; y: 45; c: 0.9999993
x: 9; y: 45; c: 0.9999993
x: 10; y: 45; c: 0.25673795
x: 11; y: 45; c: 0.00000071525574
x: 12; y: 45; c: 0.00000071525574
x: 13; y: 45; c: 0.00000071525574
x: 14; y: 45; c: 0.00000071525574
x: 15; y: 45; c: 0.00000071525574
x: 16; y: 45; c: 0.00000071525574
x: 17; y: 45; c: 0.00000071525574
x: 18; y: 45; c: 0.00000071525574
x: 19; y: 45; c: 0.00000071525574
x: 20; y: 45; c: 0.00000071525574
x: 21; y: 45; c: 0.00000071525574
x: 22; y: 45; c: 0.00000071525574
x: 23; y: 45; c: 0.00000071525574
x: 24; y: 45; c: 0.00000071525574
x: 25; y: 45; c: 0.00000071525574
x: 26; y: 45; c: 0.00000071525574
x: 27; y: 45; c: 0.00000071525574
x: 28; y: 45; c: 0.00000071525574
x: 29; y: 45; c: 0.00000071525574
x: 30; y: 45; c: 0.00000071525574
x: 31; y: 45; c: 0.00000071525574
x: 32; y: 45; c: 0.26406026
x: 33; y: 45; c: 0.9999993
x: 34; y: 45; c: 0.9999993
x: 35; y: 45; c: 0.9999993
x: 36; y: 45; c: 0.9999993
x: 37; y: 45; c: 0.9999993
x: 38; y: 45; c: 0.9999993
x: 39; y: 45; c: 0.9999993
x: 40; y: 45; c: 0.9999993
x: 41; y: 45; c: 0.9999993
x: 42; y: 45; c: 0.9999993
x: 43; y: 45; c: 0.9999993
x: 44; y: 45; c: 0.259475
x: 0; y: 46; c: 0.76930785
x: 1; y: 46; c: 0.9999993
x: 2; y: 46; c: 0.9999993
x: 3; y: 46; c: 0.9999993
x: 4; y: 46; c: 0.9999993
x: 5; y: 46; c: 0.9999993
x: 6; y: 46; c: 0.9999993
x: 7; y: 46; c: 0.9999993
x: 8; y: 46; c: 0.9999993
x: 9; y: 46; c: 0.9999993
x: 10; y: 46; c: 0.3634916
x: 11; y: 46; c: 0.00000071525574
x: 12; y: 46; c: 0.00000071525574
x: 13; y: 46; c: 0.00000071525574
x: 14; y: 46; c: 0.00000071525574
x: 15; y: 46; c: 0.00000071525574
x: 16; y: 46; c: 0.00000071525574
x: 17; y: 46; c: 0.00000071525574
x: 18; y: 46; c: 0.00000071525574
x: 19; y: 46; c: 0.00000071525574
x: 20; y: 46; c: 0.00000071525574
x: 21; y: 46; c: 0.00000071525574
x: 22; y: 46; c: 0.00000071525574
x: 23; y: 46; c: 0.00000071525574
x: 24; y: 46; c: 0.00000071525574
x: 25; y: 46; c: 0.00000071525574
x: 26; y: 46; c: 0.00000071525574
x: 27; y: 46; c: 0.00000071525574
x: 28; y: 46; c: 0.00000071525574
x: 29; y: 46; c: 0.00000071525574
x: 30; y: 46; c: 0.00000071525574
x: 31; y: 46; c: 0.0006915181
x: 32; y: 46; c: 0.746562
x: 33; y: 46; c: 0.9999993
x: 34; y: 46; c: 0.9999993
x: 35; y: 46; c: 0.9999993
x: 36; y: 46; c: 0.9999993
x: 37; y: 46; c: 0.9999993
x: 38; y: 46; c: 0.9999993
x: 39; y: 46; c: 0.9999993
x: 40; y: 46; c: 0.9999993
x: 41; y: 46; c: 0.9999993
x: 42; y: 46; c: 0.9999993
x: 43; y: 46; c: 0.9999993
x: 44; y: 46; c: 0.259475
x: 0; y: 47; c: 0.6893577
x: 1; y: 47; c: 0.9999993
x: 2; y: 47; c: 0.9999993
x: 3; y: 47; c: 0.9999993
x: 4; y: 47; c: 0.9999993
x: 5; y: 47; c: 0.9999993
x: 6; y: 47; c: 0.9999993
x: 7; y: 47; c: 0.9999993
x: 8; y: 47; c: 0.9999993
x: 9; y: 47; c: 0.9999993
x: 10; y: 47; c: 0.6546986
x: 11; y: 47; c: 0.00000071525574
x: 12; y: 47; c: 0.00000071525574
x: 13; y: 47; c: 0.00000071525574
x: 14; y: 47; c: 0.00000071525574
x: 15; y: 47; c: 0.00000071525574
x: 16; y: 47; c: 0.00000071525574
x: 17; y: 47; c: 0.00000071525574
x: 18; y: 47; c: 0.00000071525574
x: 19; y: 47; c: 0.00000071525574
x: 20; y: 47; c: 0.00000071525574
x: 21; y: 47; c: 0.00000071525574
x: 22; y: 47; c: 0.00000071525574
x: 23; y: 47; c: 0.00000071525574
x: 24; y: 47; c: 0.00000071525574
x: 25; y: 47; c: 0.00000071525574
x: 26; y: 47; c: 0.00000071525574
x: 27; y: 47; c: 0.00000071525574
x: 28; y: 47; c: 0.00000071525574
x: 29; y: 47; c: 0.00000071525574
x: 30; y: 47; c: 0.00000071525574
x: 31; y: 47; c: 0.42220235
x: 32; y: 47; c: 0.9999993
x: 33; y: 47; c: 0.9999993
x: 34; y: 47; c: 0.9999993
x: 35; y: 47; c: 0.9999993
x: 36; y: 47; c: 0.9999993
x: 37; y: 47; c: 0.9999993
x: 38; y: 47; c: 0.9999993
x: 39; y: 47; c: 0.9999993
x: 40; y: 47; c: 0.9999993
x: 41; y: 47; c: 0.9999993
x: 42; y: 47; c: 0.9999993
x: 43; y: 47; c: 0.9999993
x: 44; y: 47; c: 0.259475
x: 0; y: 48; c: 0.4843272
x: 1; y: 48; c: 0.9999993
x: 2; y: 48; c: 0.9999993
x: 3; y: 48; c: 0.9999993
x: 4; y: 48; c: 0.9999993
x: 5; y: 48; c: 0.9999993
x: 6; y: 48; c: 0.9999993
x: 7; y: 48; c: 0.9999993
x: 8; y: 48; c: 0.9999993
x: 9; y: 48; c: 0.9999993
x: 10; y: 48; c: 0.96179926
x: 11; y: 48; c: 0.052155852
x: 12; y: 48; c: 0.0000007264316
x: 13; y: 48; c: 0.0000007264316
x: 14; y: 48; c: 0.0000007264316
x: 15; y: 48; c: 0.0000007264316
x: 16; y: 48; c: 0.0000007264316
x: 17; y: 48; c: 0.0000007264316
x: 18; y: 48; c: 0.0000007264316
x: 19; y: 48; c: 0.0000007264316
x: 20; y: 48; c: 0.0000007264316
x: 21; y: 48; c: 0.0000007264316
x: 22; y: 48; c: 0.0000007264316
x: 23; y: 48; c: 0.0000007264316
x: 24; y: 48; c: 0.0000007264316
x: 25; y: 48; c: 0.0000007264316
x: 26; y: 48; c: 0.0000007264316
x: 27; y: 48; c: 0.0000007264316
x: 28; y: 48; c: 0.0000007264316
x: 29; y: 48; c: 0.0000007264316
x: 30; y: 48; c: 0.22373295
x: 31; y: 48; c: 0.97720194
x: 32; y: 48; c: 0.9999993
x: 33; y: 48; c: 0.9999993
x: 34; y: 48; c: 0.9999993
x: 35; y: 48; c: 0.9999993
x: 36; y: 48; c: 0.9999993
x: 37; y: 48; c: 0.9999993
x: 38; y: 48; c: 0.9999993
x: 39; y: 48; c: 0.9999993
x: 40; y: 48; c: 0.9999993
x: 41; y: 48; c: 0.9999993
x: 42; y: 48; c: 0.9999993
x: 43; y: 48; c: 0.9999993
x: 44; y: 48; c: 0.259475
x: 0; y: 49; c: 0.21617085
x: 1; y: 49; c: 0.9999993
x: 2; y: 49; c: 0.9999993
x: 3; y: 49; c: 0.9999993
x: 4; y: 49; c: 0.9999993
x: 5; y: 49; c: 0.9999993
x: 6; y: 49; c: 0.9999993
x: 7; y: 49; c: 0.9999993
x: 8; y: 49; c: 0.9999993
x: 9; y: 49; c: 0.9999993
x: 10; y: 49; c: 0.9999993
x: 11; y: 49; c: 0.5404861
x: 12; y: 49; c: 0.0000007748604
x: 13; y: 49; c: 0.0000007748604
x: 14; y: 49; c: 0.0000007748604
x: 15; y: 49; c: 0.0000007748604
x: 16; y: 49; c: 0.0000007748604
x: 17; y: 49; c: 0.0000007748604
x: 18; y: 49; c: 0.0000007748604
x: 19; y: 49; c: 0.0000007748604
x: 20; y: 49; c: 0.0000007748604
x: 21; y: 49; c: 0.0000007748604
x: 22; y: 49; c: 0.0000007748604
x: 23; y: 49; c: 0.0000007748604
x: 24; y: 49; c: 0.0000007748604
x: 25; y: 49; c: 0.0000007748604
x: 26; y: 49; c: 0.0000007748604
x: 27; y: 49; c: 0.0000007748604
x: 28; y: 49; c: 0.0000007748604
x: 29; y: 49; c: 0.2313211
x: 30; y: 49; c: 0.9124248
x: 31; y: 49; c: 0.9999992
x: 32; y: 49; c: 0.9999992
x: 33; y: 49; c: 0.9999992
x: 34; y: 49; c: 0.9999992
x: 35; y: 49; c: 0.9999992
x: 36; y: 49; c: 0.9999992
x: 37; y: 49; c: 0.9999992
x: 38; y: 49; c: 0.9999992
x: 39; y: 49; c: 0.9999992
x: 40; y: 49; c: 0.9999992
x: 41; y: 49; c: 0.9999992
x: 42; y: 49; c: 0.9999992
x: 43; y: 49; c: 0.9999992
x: 44; y: 49; c: 0.25947493
x: 0; y: 50; c: 0.012565255
x: 1; y: 50; c: 0.93544835
x: 2; y: 50; c: 0.9999992
x: 3; y: 50; c: 0.9999992
x: 4; y: 50; c: 0.9999992
x: 5; y: 50; c: 0.9999992
x: 6; y: 50; c: 0.9999992
x: 7; y: 50; c: 0.9999992
x: 8; y: 50; c: 0.9999992
x: 9; y: 50; c: 0.9999992
x: 10; y: 50; c: 0.9999992
x: 11; y: 50; c: 0.9971074
x: 12; y: 50; c: 0.33164686
x: 13; y: 50; c: 0.00000074505806
x: 14; y: 50; c: 0.00000074505806
x: 15; y: 50; c: 0.00000074505806
x: 16; y: 50; c: 0.00000074505806
x: 17; y: 50; c: 0.00000074505806
x: 18; y: 50; c: 0.00000074505806
x: 19; y: 50; c: 0.00000074505806
x: 20; y: 50; c: 0.00000074505806
x: 21; y: 50; c: 0.00000074505806
x: 22; y: 50; c: 0.00000074505806
x: 23; y: 50; c: 0.00000074505806
x: 24; y: 50; c: 0.00000074505806
x: 25; y: 50; c: 0.00000074505806
x: 26; y: 50; c: 0.00000074505806
x: 27; y: 50; c: 0.0002950105
x: 28; y: 50; c: 0.39789516
x: 29; y: 50; c: 0.9758091
x: 30; y: 50; c: 0.9999992
x: 31; y: 50; c: 0.9999992
x: 32; y: 50; c: 0.9999992
x: 33; y: 50; c: 0.9999992
x: 34; y: 50; c: 0.9999992
x: 35; y: 50; c: 0.9999992
x: 36; y: 50; c: 0.9999992
x: 37; y: 50; c: 0.9999992
x: 38; y: 50; c: 0.9999992
x: 39; y: 50; c: 0.9999992
x: 40; y: 50; c: 0.9999992
x: 41; y: 50; c: 0.9999992
x: 42; y: 50; c: 0.9999992
x: 43; y: 50; c: 0.9999992
x: 44; y: 50; c: 0.25947493
x: 0; y: 51; c: 0.0000007748604
x: 1; y: 51; c: 0.6351071
x: 2; y: 51; c: 0.9999992
x: 3; y: 51; c: 0.9999992
x: 4; y: 51; c: 0.9999992
x: 5; y: 51; c: 0.9999992
x: 6; y: 51; c: 0.9999992
x: 7; y: 51; c: 0.9999992
x: 8; y: 51; c: 0.9999992
x: 9; y: 51; c: 0.9999992
x: 10; y: 51; c: 0.9999992
x: 11; y: 51; c: 0.9999992
x: 12; y: 51; c: 0.9817962
x: 13; y: 51; c: 0.5095962
x: 14; y: 51; c: 0.022956103
x: 15; y: 51; c: 0.0000007748604
x: 16; y: 51; c: 0.0000007748604
x: 17; y: 51; c: 0.0000007748604
x: 18; y: 51; c: 0.0000007748604
x: 19; y: 51; c: 0.0000007748604
x: 20; y: 51; c: 0.0000007748604
x: 21; y: 51; c: 0.0000007748604
x: 22; y: 51; c: 0.0000007748604
x: 23; y: 51; c: 0.0000007748604
x: 24; y: 51; c: 0.0000007748604
x: 25; y: 51; c: 0.0010740485
x: 26; y: 51; c: 0.2786627
x: 27; y: 51; c: 0.77063394
x: 28; y: 51; c: 0.99999917
x: 29; y: 51; c: 0.99999917
x: 30; y: 51; c: 0.99999917
x: 31; y: 51; c: 0.99999917
x: 32; y: 51; c: 0.99999917
x: 33; y: 51; c: 0.99999917
x: 34; y: 51; c: 0.9830613
x: 35; y: 51; c: 0.96738195
x: 36; y: 51; c: 0.9999991
x: 37; y: 51; c: 0.9999991
x: 38; y: 51; c: 0.9999991
x: 39; y: 51; c: 0.9999991
x: 40; y: 51; c: 0.9999991
x: 41; y: 51; c: 0.9999991
x: 42; y: 51; c: 0.9999991
x: 43; y: 51; c: 0.9999991
x: 44; y: 51; c: 0.2594748
x: 0; y: 52; c: 0.0000008940697
x: 1; y: 52; c: 0.15641522
x: 2; y: 52; c: 0.9881333
x: 3; y: 52; c: 0.9999991
x: 4; y: 52; c: 0.9999991
x: 5; y: 52; c: 0.9999991
x: 6; y: 52; c: 0.9999991
x: 7; y: 52; c: 0.9999991
x: 8; y: 52; c: 0.9999991
x: 9; y: 52; c: 0.9999991
x: 10; y: 52; c: 0.9999991
x: 11; y: 52; c: 0.9999991
x: 12; y: 52; c: 0.9999991
x: 13; y: 52; c: 0.9999991
x: 14; y: 52; c: 0.847551
x: 15; y: 52; c: 0.47806725
x: 16; y: 52; c: 0.14378336
x: 17; y: 52; c: 0.0005120188
x: 18; y: 52; c: 0.0000008789357
x: 19; y: 52; c: 0.0000008789357
x: 20; y: 52; c: 0.0000008789357
x: 21; y: 52; c: 0.0000008789357
x: 22; y: 52; c: 0.03376034
x: 23; y: 52; c: 0.25966525
x: 24; y: 52; c: 0.52233744
x: 25; y: 52; c: 0.8133315
x: 26; y: 52; c: 0.99999917
x: 27; y: 52; c: 0.99999917
x: 28; y: 52; c: 0.99999917
x: 29; y: 52; c: 0.99999917
x: 30; y: 52; c: 0.99999917
x: 31; y: 52; c: 0.99999917
x: 32; y: 52; c: 0.99999917
x: 33; y: 52; c: 0.99999917
x: 34; y: 52; c: 0.40129006
x: 35; y: 52; c: 0.5499412
x: 36; y: 52; c: 0.99999917
x: 37; y: 52; c: 0.99999917
x: 38; y: 52; c: 0.99999917
x: 39; y: 52; c: 0.99999917
x: 40; y: 52; c: 0.99999917
x: 41; y: 52; c: 0.99999917
x: 42; y: 52; c: 0.99999917
x: 43; y: 52; c: 0.99999917
x: 44; y: 52; c: 0.25947487
x: 0; y: 53; c: 0.000000834465
x: 1; y: 53; c: 0.000000834465
x: 2; y: 53; c: 0.6356603
x: 3; y: 53; c: 0.99999917
x: 4; y: 53; c: 0.99999917
x: 5; y: 53; c: 0.99999917
x: 6; y: 53; c: 0.99999917
x: 7; y: 53; c: 0.99999917
x: 8; y: 53; c: 0.99999917
x: 9; y: 53; c: 0.99999917
x: 10; y: 53; c: 0.99999917
x: 11; y: 53; c: 0.99999917
x: 12; y: 53; c: 0.99999917
x: 13; y: 53; c: 0.99999917
x: 14; y: 53; c: 0.99999917
x: 15; y: 53; c: 0.99999917
x: 16; y: 53; c: 0.99999917
x: 17; y: 53; c: 0.9609813
x: 18; y: 53; c: 0.86453867
x: 19; y: 53; c: 0.79257464
x: 20; y: 53; c: 0.8538042
x: 21; y: 53; c: 0.93465626
x: 22; y: 53; c: 0.99615973
x: 23; y: 53; c: 0.99999917
x: 24; y: 53; c: 0.99999917
x: 25; y: 53; c: 0.99999917
x: 26; y: 53; c: 0.99999917
x: 27; y: 53; c: 0.99999917
x: 28; y: 53; c: 0.99999917
x: 29; y: 53; c: 0.99999917
x: 30; y: 53; c: 0.99999917
x: 31; y: 53; c: 0.99999917
x: 32; y: 53; c: 0.99999917
x: 33; y: 53; c: 0.6131955
x: 34; y: 53; c: 0.00003260374
x: 35; y: 53; c: 0.30651772
x: 36; y: 53; c: 0.99999917
x: 37; y: 53; c: 0.99999917
x: 38; y: 53; c: 0.99999917
x: 39; y: 53; c: 0.99999917
x: 40; y: 53; c: 0.99999917
x: 41; y: 53; c: 0.99999917
x: 42; y: 53; c: 0.99999917
x: 43; y: 53; c: 0.99999917
x: 44; y: 53; c: 0.25947487
x: 0; y: 54; c: 0.000000834465
x: 1; y: 54; c: 0.000000834465
x: 2; y: 54; c: 0.13007312
x: 3; y: 54; c: 0.9371571
x: 4; y: 54; c: 0.9999992
x: 5; y: 54; c: 0.9999992
x: 6; y: 54; c: 0.9999992
x: 7; y: 54; c: 0.9999992
x: 8; y: 54; c: 0.9999992
x: 9; y: 54; c: 0.9999992
x: 10; y: 54; c: 0.9999992
x: 11; y: 54; c: 0.9999992
x: 12; y: 54; c: 0.9999992
x: 13; y: 54; c: 0.9999992
x: 14; y: 54; c: 0.9999992
x: 15; y: 54; c: 0.9999992
x: 16; y: 54; c: 0.9999992
x: 17; y: 54; c: 0.9999992
x: 18; y: 54; c: 0.9999992
x: 19; y: 54; c: 0.9999992
x: 20; y: 54; c: 0.9999992
x: 21; y: 54; c: 0.9999992
x: 22; y: 54; c: 0.9999992
x: 23; y: 54; c: 0.9999992
x: 24; y: 54; c: 0.9999992
x: 25; y: 54; c: 0.9999992
x: 26; y: 54; c: 0.9999992
x: 27; y: 54; c: 0.9999992
x: 28; y: 54; c: 0.9999992
x: 29; y: 54; c: 0.9999992
x: 30; y: 54; c: 0.9999992
x: 31; y: 54; c: 0.9999992
x: 32; y: 54; c: 0.7435597
x: 33; y: 54; c: 0.029178321
x: 34; y: 54; c: 0.00000078603625
x: 35; y: 54; c: 0.070155784
x: 36; y: 54; c: 0.99294347
x: 37; y: 54; c: 0.9999992
x: 38; y: 54; c: 0.9999992
x: 39; y: 54; c: 0.9999992
x: 40; y: 54; c: 0.9999992
x: 41; y: 54; c: 0.9999992
x: 42; y: 54; c: 0.9999992
x: 43; y: 54; c: 0.9999992
x: 44; y: 54; c: 0.25947493
x: 0; y: 55; c: 0.0000007748604
x: 1; y: 55; c: 0.0000007748604
x: 2; y: 55; c: 0.0000007748604
x: 3; y: 55; c: 0.2771652
x: 4; y: 55; c: 0.98633087
x: 5; y: 55; c: 0.9999992
x: 6; y: 55; c: 0.9999992
x: 7; y: 55; c: 0.9999992
x: 8; y: 55; c: 0.9999992
x: 9; y: 55; c: 0.9999992
x: 10; y: 55; c: 0.9999992
x: 11; y: 55; c: 0.9999992
x: 12; y: 55; c: 0.9999992
x: 13; y: 55; c: 0.9999992
x: 14; y: 55; c: 0.9999992
x: 15; y: 55; c: 0.9999992
x: 16; y: 55; c: 0.9999992
x: 17; y: 55; c: 0.9999992
x: 18; y: 55; c: 0.9999992
x: 19; y: 55; c: 0.9999992
x: 20; y: 55; c: 0.9999992
x: 21; y: 55; c: 0.9999992
x: 22; y: 55; c: 0.9999992
x: 23; y: 55; c: 0.9999992
x: 24; y: 55; c: 0.9999992
x: 25; y: 55; c: 0.9999992
x: 26; y: 55; c: 0.9999992
x: 27; y: 55; c: 0.9999992
x: 28; y: 55; c: 0.9999992
x: 29; y: 55; c: 0.9999992
x: 30; y: 55; c: 0.9999992
x: 31; y: 55; c: 0.79545736
x: 32; y: 55; c: 0.052117348
x: 33; y: 55; c: 0.0000007003546
x: 34; y: 55; c: 0.0000007003546
x: 35; y: 55; c: 0.0000007003546
x: 36; y: 55; c: 0.81967854
x: 37; y: 55; c: 0.9999993
x: 38; y: 55; c: 0.9999993
x: 39; y: 55; c: 0.9999993
x: 40; y: 55; c: 0.9999993
x: 41; y: 55; c: 0.9999993
x: 42; y: 55; c: 0.9999993
x: 43; y: 55; c: 0.9999993
x: 44; y: 55; c: 0.259475
x: 0; y: 56; c: 0.00000071525574
x: 1; y: 56; c: 0.00000071525574
x: 2; y: 56; c: 0.00000071525574
x: 3; y: 56; c: 0.00000071525574
x: 4; y: 56; c: 0.4298826
x: 5; y: 56; c: 0.9985288
x: 6; y: 56; c: 0.9999992
x: 7; y: 56; c: 0.9999992
x: 8; y: 56; c: 0.9999992
x: 9; y: 56; c: 0.9999992
x: 10; y: 56; c: 0.9999992
x: 11; y: 56; c: 0.9999992
x: 12; y: 56; c: 0.9999992
x: 13; y: 56; c: 0.9999992
x: 14; y: 56; c: 0.9999992
x: 15; y: 56; c: 0.9999992
x: 16; y: 56; c: 0.9999992
x: 17; y: 56; c: 0.9999992
x: 18; y: 56; c: 0.9999992
x: 19; y: 56; c: 0.9999992
x: 20; y: 56; c: 0.9999992
x: 21; y: 56; c: 0.9999992
x: 22; y: 56; c: 0.9999992
x: 23; y: 56; c: 0.9999992
x: 24; y: 56; c: 0.9999992
x: 25; y: 56; c: 0.9999992
x: 26; y: 56; c: 0.9999992
x: 27; y: 56; c: 0.9999992
x: 28; y: 56; c: 0.9999992
x: 29; y: 56; c: 0.9999992
x: 30; y: 56; c: 0.7431931
x: 31; y: 56; c: 0.06559855
x: 32; y: 56; c: 0.0000007674098
x: 33; y: 56; c: 0.0000007674098
x: 34; y: 56; c: 0.0000007674098
x: 35; y: 56; c: 0.0000007674098
x: 36; y: 56; c: 0.57626265
x: 37; y: 56; c: 0.9999992
x: 38; y: 56; c: 0.9999992
x: 39; y: 56; c: 0.9999992
x: 40; y: 56; c: 0.9999992
x: 41; y: 56; c: 0.9999992
x: 42; y: 56; c: 0.9999992
x: 43; y: 56; c: 0.9999992
x: 44; y: 56; c: 0.25947493
x: 0; y: 57; c: 0.0000007748604
x: 1; y: 57; c: 0.0000007748604
x: 2; y: 57; c: 0.0000007748604
x: 3; y: 57; c: 0.0000007748604
x: 4; y: 57; c: 0.0000007748604
x: 5; y: 57; c: 0.33424374
x: 6; y: 57; c: 0.945752
x: 7; y: 57; c: 0.9999992
x: 8; y: 57; c: 0.9999992
x: 9; y: 57; c: 0.9999992
x: 10; y: 57; c: 0.9999992
x: 11; y: 57; c: 0.9999992
x: 12; y: 57; c: 0.9999992
x: 13; y: 57; c: 0.9999992
x: 14; y: 57; c: 0.9999992
x: 15; y: 57; c: 0.9999992
x: 16; y: 57; c: 0.9999992
x: 17; y: 57; c: 0.9999992
x: 18; y: 57; c: 0.9999992
x: 19; y: 57; c: 0.9999992
x: 20; y: 57; c: 0.9999992
x: 21; y: 57; c: 0.9999992
x: 22; y: 57; c: 0.9999992
x: 23; y: 57; c: 0.9999992
x: 24; y: 57; c: 0.9999992
x: 25; y: 57; c: 0.9999992
x: 26; y: 57; c: 0.9999992
x: 27; y: 57; c: 0.9999992
x: 28; y: 57; c: 0.99698657
x: 29; y: 57; c: 0.5940409
x: 30; y: 57; c: 0.02204758
x: 31; y: 57; c: 0.0000007674098
x: 32; y: 57; c: 0.0000007674098
x: 33; y: 57; c: 0.0000007674098
x: 34; y: 57; c: 0.0000007674098
x: 35; y: 57; c: 0.0000007674098
x: 36; y: 57; c: 0.3328392
x: 37; y: 57; c: 0.9999992
x: 38; y: 57; c: 0.9999992
x: 39; y: 57; c: 0.9999992
x: 40; y: 57; c: 0.9999992
x: 41; y: 57; c: 0.9999992
x: 42; y: 57; c: 0.9999992
x: 43; y: 57; c: 0.9999992
x: 44; y: 57; c: 0.25947493
x: 0; y: 58; c: 0.0000007748604
x: 1; y: 58; c: 0.0000007748604
x: 2; y: 58; c: 0.0000007748604
x: 3; y: 58; c: 0.0000007748604
x: 4; y: 58; c: 0.0000007748604
x: 5; y: 58; c: 0.0000007748604
x: 6; y: 58; c: 0.14712915
x: 7; y: 58; c: 0.7799195
x: 8; y: 58; c: 0.9999993
x: 9; y: 58; c: 0.9999993
x: 10; y: 58; c: 0.9999993
x: 11; y: 58; c: 0.9999993
x: 12; y: 58; c: 0.9999993
x: 13; y: 58; c: 0.9999993
x: 14; y: 58; c: 0.9999993
x: 15; y: 58; c: 0.9999993
x: 16; y: 58; c: 0.9999993
x: 17; y: 58; c: 0.9999993
x: 18; y: 58; c: 0.9999993
x: 19; y: 58; c: 0.9999993
x: 20; y: 58; c: 0.9999993
x: 21; y: 58; c: 0.9999993
x: 22; y: 58; c: 0.9999993
x: 23; y: 58; c: 0.9999993
x: 24; y: 58; c: 0.9999993
x: 25; y: 58; c: 0.9999993
x: 26; y: 58; c: 0.9999993
x: 27; y: 58; c: 0.8530393
x: 28; y: 58; c: 0.2594083
x: 29; y: 58; c: 0.0000006556511
x: 30; y: 58; c: 0.0000006556511
x: 31; y: 58; c: 0.0000006556511
x: 32; y: 58; c: 0.0000006556511
x: 33; y: 58; c: 0.0000006556511
x: 34; y: 58; c: 0.0000006556511
x: 35; y: 58; c: 0.0000006556511
x: 36; y: 58; c: 0.09156291
x: 37; y: 58; c: 0.997858
x: 38; y: 58; c: 0.99999934
x: 39; y: 58; c: 0.99999934
x: 40; y: 58; c: 0.99999934
x: 41; y: 58; c: 0.99999934
x: 42; y: 58; c: 0.99999934
x: 43; y: 58; c: 0.99999934
x: 44; y: 58; c: 0.25947505
x: 0; y: 59; c: 0.0000006556511
x: 1; y: 59; c: 0.0000006556511
x: 2; y: 59; c: 0.0000006556511
x: 3; y: 59; c: 0.0000006556511
x: 4; y: 59; c: 0.0000006556511
x: 5; y: 59; c: 0.0000006556511
x: 6; y: 59; c: 0.0000006556511
x: 7; y: 59; c: 0.00060562073
x: 8; y: 59; c: 0.25218394
x: 9; y: 59; c: 0.70945877
x: 10; y: 59; c: 0.9958093
x: 11; y: 59; c: 0.99999934
x: 12; y: 59; c: 0.99999934
x: 13; y: 59; c: 0.99999934
x: 14; y: 59; c: 0.99999934
x: 15; y: 59; c: 0.99999934
x: 16; y: 59; c: 0.99999934
x: 17; y: 59; c: 0.99999934
x: 18; y: 59; c: 0.99999934
x: 19; y: 59; c: 0.99999934
x: 20; y: 59; c: 0.99999934
x: 21; y: 59; c: 0.99999934
x: 22; y: 59; c: 0.99999934
x: 23; y: 59; c: 0.99999934
x: 24; y: 59; c: 0.9941229
x: 25; y: 59; c: 0.7656463
x: 26; y: 59; c: 0.33164245
x: 27; y: 59; c: 0.013781488
x: 28; y: 59; c: 0.0000006193295
x: 29; y: 59; c: 0.0000006193295
x: 30; y: 59; c: 0.0000006193295
x: 31; y: 59; c: 0.0000006193295
x: 32; y: 59; c: 0.0000006193295
x: 33; y: 59; c: 0.0000006193295
x: 34; y: 59; c: 0.0000006193295
x: 35; y: 59; c: 0.0000006193295
x: 36; y: 59; c: 0.0000006193295
x: 37; y: 59; c: 0.8460001
x: 38; y: 59; c: 0.9999994
x: 39; y: 59; c: 0.9999994
x: 40; y: 59; c: 0.9999994
x: 41; y: 59; c: 0.9999994
x: 42; y: 59; c: 0.9999994
x: 43; y: 59; c: 0.9999994
x: 44; y: 59; c: 0.2594751
x: 0; y: 60; c: 0.00000059604645
x: 1; y: 60; c: 0.00000059604645
x: 2; y: 60; c: 0.00000059604645
x: 3; y: 60; c: 0.00000059604645
x: 4; y: 60; c: 0.00000059604645
x: 5; y: 60; c: 0.00000059604645
x: 6; y: 60; c: 0.00000059604645
x: 7; y: 60; c: 0.00000059604645
x: 8; y: 60; c: 0.00000059604645
x: 9; y: 60; c: 0.00000059604645
x: 10; y: 60; c: 0.10053185
x: 11; y: 60; c: 0.3411432
x: 12; y: 60; c: 0.58188367
x: 13; y: 60; c: 0.7956904
x: 14; y: 60; c: 0.88489604
x: 15; y: 60; c: 0.9584809
x: 16; y: 60; c: 0.9998476
x: 17; y: 60; c: 0.99999934
x: 18; y: 60; c: 0.99541146
x: 19; y: 60; c: 0.95922583
x: 20; y: 60; c: 0.877512
x: 21; y: 60; c: 0.73335975
x: 22; y: 60; c: 0.5874964
x: 23; y: 60; c: 0.36080188
x: 24; y: 60; c: 0.08798921
x: 25; y: 60; c: 0.0000006183982
x: 26; y: 60; c: 0.0000006183982
x: 27; y: 60; c: 0.0000006183982
x: 28; y: 60; c: 0.0000006183982
x: 29; y: 60; c: 0.0000006183982
x: 30; y: 60; c: 0.0000006183982
x: 31; y: 60; c: 0.0000006183982
x: 32; y: 60; c: 0.0000006183982
x: 33; y: 60; c: 0.0000006183982
x: 34; y: 60; c: 0.0000006183982
x: 35; y: 60; c: 0.0000006183982
x: 36; y: 60; c: 0.0000006183982
x: 37; y: 60; c: 0.0000006183982
x: 38; y: 60; c: 0.0000006183982
x: 39; y: 60; c: 0.0000006183982
x: 40; y: 60; c: 0.0000006183982
x: 41; y: 60; c: 0.0000006183982
x: 42; y: 60; c: 0.0000006183982
x: 43; y: 60; c: 0.0000006183982
x: 44; y: 60; c: 0.0000006183982
x: 0; y: 61; c: 0.0000006183982
x: 1; y: 61; c: 0.0000006183982
x: 2; y: 61; c: 0.0000006183982
x: 3; y: 61; c: 0.0000006183982
x: 4; y: 61; c: 0.0000006183982
x: 5; y: 61; c: 0.0000006183982
x: 6; y: 61; c: 0.0000006183982
x: 7; y: 61; c: 0.0000006183982
x: 8; y: 61; c: 0.0000006183982
x: 9; y: 61; c: 0.0000006183982
x: 10; y: 61; c: 0.0000006183982
x: 11; y: 61; c: 0.0000006183982
x: 12; y: 61; c: 0.0000006183982
x: 13; y: 61; c: 0.0000006183982
x: 14; y: 61; c: 0.0000006183982
x: 15; y: 61; c: 0.0000006183982
x: 16; y: 61; c: 0.03214325
x: 17; y: 61; c: 0.043614138
x: 18; y: 61; c: 0.006007869
x: 19; y: 61; c: 0.00000062119216
x: 20; y: 61; c: 0.00000062119216
x: 21; y: 61; c: 0.00000062119216
x: 22; y: 61; c: 0.00000062119216
x: 23; y: 61; c: 0.00000062119216
x: 24; y: 61; c: 0.00000062119216
x: 25; y: 61; c: 0.00000062119216
x: 26; y: 61; c: 0.00000062119216
x: 27; y: 61; c: 0.00000062119216
x: 28; y: 61; c: 0.00000062119216
x: 29; y: 61; c: 0.00000062119216
x: 30; y: 61; c: 0.00000062119216
x: 31; y: 61; c: 0.00000062119216
x: 32; y: 61; c: 0.00000062119216
x: 33; y: 61; c: 0.00000062119216
x: 34; y: 61; c: 0.00000062119216
x: 35; y: 61; c: 0.00000062119216
x: 36; y: 61; c: 0.00000062119216
x: 37; y: 61; c: 0.00000062119216
x: 38; y: 61; c: 0.00000062119216
x: 39; y: 61; c: 0.00000062119216
x: 40; y: 61; c: 0.00000062119216
x: 41; y: 61; c: 0.00000062119216
x: 42; y: 61; c: 0.00000062119216
x: 43; y: 61; c: 0.00000062119216
x: 44; y: 61; c: 0.00000062119216
thread 'main' panicked at 'index out of bounds: the len is 1 but the index is 1', /Users/bguns/.cargo/registry/src/github.com-1ecc6299db9ec823/wgpu-core-0.12.2/src/device/queue.rs:446:12
note: run with `RUST_BACKTRACE=1` environment variable to display a backtrace
